<?xml version="1.0" encoding="utf-8"?>
<TestRun id="8f2e2bf1-6ced-4833-addd-19a9a616c423" name="Hp@P00002 2026-07-30 22:02:21" runUser="P00002\Hp" xmlns="http://microsoft.com/schemas/VisualStudio/TeamTest/2010">
  <Times creation="2026-07-30T22:02:21.6771835+05:30" queuing="2026-07-30T22:02:21.6771838+05:30" start="2026-07-30T22:02:21.1103808+05:30" finish="2026-07-30T22:02:22.0316738+05:30" />
  <TestSettings name="default" id="048a1597-caeb-4cfd-9fd5-e77042ea201f">
    <Deployment runDeploymentRoot="Hp_P00002_2026-07-30_22_02_21" />
  </TestSettings>
  <Results>
    <UnitTestResult executionId="2f405b4e-211e-42db-ad32-c982fea9bf42" testId="cae43084-3012-41e1-ae9a-839d460af0e8" testName="KromicStore.Application.Tests.Features.Shopping.Commands.Checkout.UpdateBillingAddressCommandHandlerTests.Handle_Response_HasCorrectCheckoutSessionId" computerName="P00002" duration="00:00:00.0008798" startTime="2026-07-30T22:02:21.9661377+05:30" endTime="2026-07-30T22:02:21.9661378+05:30" testType="13cdc9d9-ddb5-4fa4-a97d-d965ccfc6d4b" outcome="Passed" testListId="8c84fa94-04c1-424b-9868-57a2d4851a1d" relativeResultsDirectory="2f405b4e-211e-42db-ad32-c982fea9bf42" />
    <UnitTestResult executionId="fa96f87f-05d8-4f20-9876-b137e64106da" testId="879393f3-858e-9603-0b0e-ca654688f7d5" testName="KromicStore.Application.Tests.Features.Shopping.Commands.Checkout.CreateCheckoutSessionCommandHandlerTests.Handle_Response_HasCreatedOnUtc" computerName="P00002" duration="00:00:00.0013377" startTime="2026-07-30T22:02:21.9734822+05:30" endTime="2026-07-30T22:02:21.9734824+05:30" testType="13cdc9d9-ddb5-4fa4-a97d-d965ccfc6d4b" outcome="Passed" testListId="8c84fa94-04c1-424b-9868-57a2d4851a1d" relativeResultsDirectory="fa96f87f-05d8-4f20-9876-b137e64106da" />
    <UnitTestResult executionId="1d12874f-5090-4f66-ab6e-12feb957a550" testId="e722a224-2221-8d7c-d323-110d260f80e4" testName="KromicStore.Application.Tests.Features.Shopping.Commands.Checkout.RemoveCouponCommandHandlerTests.Handle_NullTenantContext_ThrowsException" computerName="P00002" duration="00:00:00.0018487" startTime="2026-07-30T22:02:21.6574197+05:30" endTime="2026-07-30T22:02:21.6574197+05:30" testType="13cdc9d9-ddb5-4fa4-a97d-d965ccfc6d4b" outcome="Passed" testListId="8c84fa94-04c1-424b-9868-57a2d4851a1d" relativeResultsDirectory="1d12874f-5090-4f66-ab6e-12feb957a550" />
    <UnitTestResult executionId="a0467dee-da61-49cf-a1b7-92a7734fab40" testId="c8e0beba-37d6-194f-a63b-5879dbba499e" testName="KromicStore.Application.Tests.Features.Shopping.Commands.Checkout.UpdateBillingAddressCommandHandlerTests.Handle_FullAddress_IncludesAllComponents" computerName="P00002" duration="00:00:00.0006922" startTime="2026-07-30T22:02:21.9743392+05:30" endTime="2026-07-30T22:02:21.9743392+05:30" testType="13cdc9d9-ddb5-4fa4-a97d-d965ccfc6d4b" outcome="Passed" testListId="8c84fa94-04c1-424b-9868-57a2d4851a1d" relativeResultsDirectory="a0467dee-da61-49cf-a1b7-92a7734fab40" />
    <UnitTestResult executionId="ac21d525-2a2b-4718-979f-a793a526e489" testId="c1054fb6-b37c-697d-430b-f1921422cc10" testName="KromicStore.Application.Tests.Features.Shopping.Commands.Checkout.RemoveCouponCommandHandlerTests.Handle_DifferentTenant_ThrowsException" computerName="P00002" duration="00:00:00.0012133" startTime="2026-07-30T22:02:21.6574373+05:30" endTime="2026-07-30T22:02:21.6574373+05:30" testType="13cdc9d9-ddb5-4fa4-a97d-d965ccfc6d4b" outcome="Passed" testListId="8c84fa94-04c1-424b-9868-57a2d4851a1d" relativeResultsDirectory="ac21d525-2a2b-4718-979f-a793a526e489" />
    <UnitTestResult executionId="5833d858-3689-49c4-919e-51ab78edc878" testId="c7ff35f1-0eec-f48f-88e0-83ca1831ef33" testName="KromicStore.Application.Tests.Features.Shopping.Commands.Checkout.SelectShippingMethodCommandHandlerTests.Handle_SelectsMultipleShippingMethods" computerName="P00002" duration="00:00:00.0018249" startTime="2026-07-30T22:02:21.9720989+05:30" endTime="2026-07-30T22:02:21.9720989+05:30" testType="13cdc9d9-ddb5-4fa4-a97d-d965ccfc6d4b" outcome="Passed" testListId="8c84fa94-04c1-424b-9868-57a2d4851a1d" relativeResultsDirectory="5833d858-3689-49c4-919e-51ab78edc878" />
    <UnitTestResult executionId="0245e183-2034-4079-b0bb-4e3bc2226908" testId="63f6e19a-cfbe-b69b-50b0-2162be0adcf1" testName="KromicStore.Application.Tests.Features.Shopping.Commands.Checkout.UpdateBillingAddressCommandHandlerTests.Handle_Response_AlwaysReturnsTrue_ForBillingAddressUpdated" computerName="P00002" duration="00:00:00.0006935" startTime="2026-07-30T22:02:21.9651418+05:30" endTime="2026-07-30T22:02:21.9651418+05:30" testType="13cdc9d9-ddb5-4fa4-a97d-d965ccfc6d4b" outcome="Passed" testListId="8c84fa94-04c1-424b-9868-57a2d4851a1d" relativeResultsDirectory="0245e183-2034-4079-b0bb-4e3bc2226908" />
    <UnitTestResult executionId="f51f52b2-6c80-46e0-96c3-efe583809516" testId="631edb32-9bc4-8ee8-b6e7-5a0be6833e08" testName="KromicStore.Application.Tests.Features.Shopping.Commands.Checkout.CreateCheckoutSessionCommandHandlerTests.Handle_SavesChanges" computerName="P00002" duration="00:00:00.0009530" startTime="2026-07-30T22:02:21.9865796+05:30" endTime="2026-07-30T22:02:21.9865797+05:30" testType="13cdc9d9-ddb5-4fa4-a97d-d965ccfc6d4b" outcome="Passed" testListId="8c84fa94-04c1-424b-9868-57a2d4851a1d" relativeResultsDirectory="f51f52b2-6c80-46e0-96c3-efe583809516" />
    <UnitTestResult executionId="a5f66244-d01b-4d3a-8d39-a9ce9992ac53" testId="5ab76e10-66f1-4e89-5034-937ae7d309fa" testName="KromicStore.Application.Tests.Features.Shopping.Commands.Checkout.CreateCheckoutSessionCommandHandlerTests.Handle_CreatesCheckoutSession_WithMultipleItems" computerName="P00002" duration="00:00:00.0011266" startTime="2026-07-30T22:02:21.9746460+05:30" endTime="2026-07-30T22:02:21.9746461+05:30" testType="13cdc9d9-ddb5-4fa4-a97d-d965ccfc6d4b" outcome="Passed" testListId="8c84fa94-04c1-424b-9868-57a2d4851a1d" relativeResultsDirectory="a5f66244-d01b-4d3a-8d39-a9ce9992ac53" />
    <UnitTestResult executionId="864824df-8e6f-4c07-900e-6e1b3f17a0b5" testId="c6f66b09-6a36-088f-8f46-ca8b695e5609" testName="KromicStore.Application.Tests.Features.Shopping.Commands.Checkout.RemoveCouponCommandHandlerTests.Handle_CheckoutSessionNotFound_ThrowsException" computerName="P00002" duration="00:00:00.1324857" startTime="2026-07-30T22:02:21.6388047+05:30" endTime="2026-07-30T22:02:21.6388048+05:30" testType="13cdc9d9-ddb5-4fa4-a97d-d965ccfc6d4b" outcome="Passed" testListId="8c84fa94-04c1-424b-9868-57a2d4851a1d" relativeResultsDirectory="864824df-8e6f-4c07-900e-6e1b3f17a0b5" />
    <UnitTestResult executionId="4763eca6-cdc1-4220-afa4-f84ea456fc76" testId="d4f056e2-8b98-c218-eca6-5d5488bfa26d" testName="KromicStore.Application.Tests.Features.Shopping.Commands.Checkout.ApplyCouponCommandHandlerTests.Handle_AppliesCoupon_WithValidCode" computerName="P00002" duration="00:00:00.0008768" startTime="2026-07-30T22:02:21.9666085+05:30" endTime="2026-07-30T22:02:21.9666085+05:30" testType="13cdc9d9-ddb5-4fa4-a97d-d965ccfc6d4b" outcome="Passed" testListId="8c84fa94-04c1-424b-9868-57a2d4851a1d" relativeResultsDirectory="4763eca6-cdc1-4220-afa4-f84ea456fc76" />
    <UnitTestResult executionId="8f2869e6-549f-40a0-9d39-7cf91ed4710b" testId="043e1e95-eead-b619-f1e2-62c5e47c347b" testName="KromicStore.Application.Tests.Features.Shopping.Commands.Checkout.ApplyCouponCommandHandlerTests.Handle_AppliesCoupon_ToMultipleItems" computerName="P00002" duration="00:00:00.0005634" startTime="2026-07-30T22:02:21.9688607+05:30" endTime="2026-07-30T22:02:21.9688607+05:30" testType="13cdc9d9-ddb5-4fa4-a97d-d965ccfc6d4b" outcome="Passed" testListId="8c84fa94-04c1-424b-9868-57a2d4851a1d" relativeResultsDirectory="8f2869e6-549f-40a0-9d39-7cf91ed4710b" />
    <UnitTestResult executionId="058242f4-8b40-41bc-99e6-b9ec94df8200" testId="9dbf6a05-f8be-6eb6-78f8-6d861f898012" testName="KromicStore.Application.Tests.Features.Shopping.Commands.Checkout.PlaceOrderCommandHandlerTests.Handle_CheckoutNotInAwaitingPaymentState_ThrowsException" computerName="P00002" duration="00:00:00.0011731" startTime="2026-07-30T22:02:21.9741079+05:30" endTime="2026-07-30T22:02:21.9741080+05:30" testType="13cdc9d9-ddb5-4fa4-a97d-d965ccfc6d4b" outcome="Passed" testListId="8c84fa94-04c1-424b-9868-57a2d4851a1d" relativeResultsDirectory="058242f4-8b40-41bc-99e6-b9ec94df8200" />
    <UnitTestResult executionId="f73870f3-332b-4ce6-8157-6d0dbf838950" testId="e62fc0ec-30f6-9315-02ab-e4bd7540d69e" testName="KromicStore.Application.Tests.Features.Shopping.Commands.Checkout.UpdateShippingAddressCommandHandlerTests.Handle_UpdatesShippingAddress_MultipleAddressFormats" computerName="P00002" duration="00:00:00.0020655" startTime="2026-07-30T22:02:21.9723491+05:30" endTime="2026-07-30T22:02:21.9723492+05:30" testType="13cdc9d9-ddb5-4fa4-a97d-d965ccfc6d4b" outcome="Passed" testListId="8c84fa94-04c1-424b-9868-57a2d4851a1d" relativeResultsDirectory="f73870f3-332b-4ce6-8157-6d0dbf838950" />
    <UnitTestResult executionId="5b91fc17-cf85-4122-b04f-c77441acbe4e" testId="b51c00ff-c6f0-96b5-fb37-cd1a847c0330" testName="KromicStore.Application.Tests.Features.Shopping.Commands.Checkout.CreateCheckoutSessionCommandHandlerTests.Handle_NullTenantContext_ThrowsException" computerName="P00002" duration="00:00:00.0008864" startTime="2026-07-30T22:02:21.9755617+05:30" endTime="2026-07-30T22:02:21.9755618+05:30" testType="13cdc9d9-ddb5-4fa4-a97d-d965ccfc6d4b" outcome="Passed" testListId="8c84fa94-04c1-424b-9868-57a2d4851a1d" relativeResultsDirectory="5b91fc17-cf85-4122-b04f-c77441acbe4e" />
    <UnitTestResult executionId="9c3aee97-12b9-4b86-91fe-18d95d2c48b3" testId="92442bf4-9301-aae6-a5be-de71798989ed" testName="KromicStore.Application.Tests.Features.Shopping.Commands.Checkout.UpdateBillingAddressCommandHandlerTests.Handle_CheckoutSessionNotFound_ThrowsException" computerName="P00002" duration="00:00:00.0010774" startTime="2026-07-30T22:02:21.6573114+05:30" endTime="2026-07-30T22:02:21.6573115+05:30" testType="13cdc9d9-ddb5-4fa4-a97d-d965ccfc6d4b" outcome="Passed" testListId="8c84fa94-04c1-424b-9868-57a2d4851a1d" relativeResultsDirectory="9c3aee97-12b9-4b86-91fe-18d95d2c48b3" />
    <UnitTestResult executionId="74181dba-d4d6-4431-b345-a45d4e6263a8" testId="67765b6a-39a9-e0c6-7c92-d55d9384ab91" testName="KromicStore.Application.Tests.Features.Shopping.Commands.Checkout.CreateCheckoutSessionCommandHandlerTests.Handle_CartBelongsToDifferentCustomer_ThrowsException" computerName="P00002" duration="00:00:00.0013632" startTime="2026-07-30T22:02:21.9703228+05:30" endTime="2026-07-30T22:02:21.9703229+05:30" testType="13cdc9d9-ddb5-4fa4-a97d-d965ccfc6d4b" outcome="Passed" testListId="8c84fa94-04c1-424b-9868-57a2d4851a1d" relativeResultsDirectory="74181dba-d4d6-4431-b345-a45d4e6263a8" />
    <UnitTestResult executionId="bb2db4cc-0c3a-4b1d-ab9d-20610a87d200" testId="9a4bc541-9bbf-a448-2d51-6849d7f05cfd" testName="KromicStore.Application.Tests.Features.Shopping.Commands.Checkout.CreateCheckoutSessionCommandHandlerTests.Handle_EmptyCart_ThrowsException" computerName="P00002" duration="00:00:00.0075173" startTime="2026-07-30T22:02:21.9833213+05:30" endTime="2026-07-30T22:02:21.9833214+05:30" testType="13cdc9d9-ddb5-4fa4-a97d-d965ccfc6d4b" outcome="Passed" testListId="8c84fa94-04c1-424b-9868-57a2d4851a1d" relativeResultsDirectory="bb2db4cc-0c3a-4b1d-ab9d-20610a87d200" />
    <UnitTestResult executionId="3ef5c6a6-b08c-47bb-aed6-c91c84cc7fa0" testId="8ec57517-777b-5190-c582-0ad7a3627614" testName="KromicStore.Application.Tests.Features.Shopping.Commands.Checkout.UpdateShippingAddressCommandHandlerTests.Handle_UpdatesShippingAddress_WithValidData" computerName="P00002" duration="00:00:00.0006516" startTime="2026-07-30T22:02:21.9745888+05:30" endTime="2026-07-30T22:02:21.9745889+05:30" testType="13cdc9d9-ddb5-4fa4-a97d-d965ccfc6d4b" outcome="Passed" testListId="8c84fa94-04c1-424b-9868-57a2d4851a1d" relativeResultsDirectory="3ef5c6a6-b08c-47bb-aed6-c91c84cc7fa0" />
    <UnitTestResult executionId="f28aaa1a-b531-4c78-8ee7-fc55ed6c2cdf" testId="26b8d915-6b15-485c-ca57-f8e16cb7bea5" testName="KromicStore.Application.Tests.Features.Shopping.Commands.Checkout.PlaceOrderCommandHandlerTests.Handle_CalculatesOrderTotal_WithShippingAndDiscount" computerName="P00002" duration="00:00:00.0020971" startTime="2026-07-30T22:02:21.9729670+05:30" endTime="2026-07-30T22:02:21.9729671+05:30" testType="13cdc9d9-ddb5-4fa4-a97d-d965ccfc6d4b" outcome="Passed" testListId="8c84fa94-04c1-424b-9868-57a2d4851a1d" relativeResultsDirectory="f28aaa1a-b531-4c78-8ee7-fc55ed6c2cdf" />
    <UnitTestResult executionId="2759f592-42a2-40a7-8fdb-a1cecd858732" testId="787b0a05-00dd-8327-b275-64cd8040bc54" testName="KromicStore.Application.Tests.Features.Shopping.Commands.Checkout.SelectShippingMethodCommandHandlerTests.Handle_CalculatesCorrectTotal_WithShippingCost" computerName="P00002" duration="00:00:00.0010307" startTime="2026-07-30T22:02:21.9702477+05:30" endTime="2026-07-30T22:02:21.9702477+05:30" testType="13cdc9d9-ddb5-4fa4-a97d-d965ccfc6d4b" outcome="Passed" testListId="8c84fa94-04c1-424b-9868-57a2d4851a1d" relativeResultsDirectory="2759f592-42a2-40a7-8fdb-a1cecd858732" />
    <UnitTestResult executionId="4707a987-ec5d-4b27-81c6-923c61465054" testId="827345ad-b1a5-55f8-a1d5-d8a89f91b622" testName="KromicStore.Application.Tests.Features.Shopping.Commands.Checkout.PlaceOrderCommandHandlerTests.Handle_Response_ContainsOrderDetails" computerName="P00002" duration="00:00:00.0008718" startTime="2026-07-30T22:02:21.9745163+05:30" endTime="2026-07-30T22:02:21.9745164+05:30" testType="13cdc9d9-ddb5-4fa4-a97d-d965ccfc6d4b" outcome="Passed" testListId="8c84fa94-04c1-424b-9868-57a2d4851a1d" relativeResultsDirectory="4707a987-ec5d-4b27-81c6-923c61465054" />
    <UnitTestResult executionId="3c9c0665-80b6-4c07-ba4d-3ef69c3e1787" testId="088c9708-553e-1238-42f6-a8f065511756" testName="KromicStore.Application.Tests.Features.Shopping.Commands.Checkout.UpdateBillingAddressCommandHandlerTests.Handle_CheckoutSessionFromDifferentTenant_ThrowsException" computerName="P00002" duration="00:00:00.0018217" startTime="2026-07-30T22:02:21.9692961+05:30" endTime="2026-07-30T22:02:21.9692962+05:30" testType="13cdc9d9-ddb5-4fa4-a97d-d965ccfc6d4b" outcome="Passed" testListId="8c84fa94-04c1-424b-9868-57a2d4851a1d" relativeResultsDirectory="3c9c0665-80b6-4c07-ba4d-3ef69c3e1787" />
    <UnitTestResult executionId="3d78b9c2-31c1-430c-8066-2e7918eb40b9" testId="731c8df6-a0b7-997a-bea7-c2272a8bfe00" testName="KromicStore.Application.Tests.Features.Shopping.Commands.Checkout.PlaceOrderCommandHandlerTests.Handle_Response_HasCorrectCreatedOnUtc" computerName="P00002" duration="00:00:00.0017409" startTime="2026-07-30T22:02:21.9688291+05:30" endTime="2026-07-30T22:02:21.9688292+05:30" testType="13cdc9d9-ddb5-4fa4-a97d-d965ccfc6d4b" outcome="Passed" testListId="8c84fa94-04c1-424b-9868-57a2d4851a1d" relativeResultsDirectory="3d78b9c2-31c1-430c-8066-2e7918eb40b9" />
    <UnitTestResult executionId="d8d46146-375e-4249-963a-d08413495ec9" testId="5034f99f-5ecc-6a1b-e4a3-f85bbe8d755e" testName="KromicStore.Application.Tests.Features.Shopping.Commands.Checkout.PlaceOrderCommandHandlerTests.Handle_NullTenantContext_ThrowsException" computerName="P00002" duration="00:00:00.0013005" startTime="2026-07-30T22:02:21.9503283+05:30" endTime="2026-07-30T22:02:21.9503284+05:30" testType="13cdc9d9-ddb5-4fa4-a97d-d965ccfc6d4b" outcome="Passed" testListId="8c84fa94-04c1-424b-9868-57a2d4851a1d" relativeResultsDirectory="d8d46146-375e-4249-963a-d08413495ec9" />
    <UnitTestResult executionId="38f9f076-08ed-4fa2-b8fb-9f3bc4360174" testId="65a3ae45-652b-d28d-2ec5-ecfcf759d02a" testName="KromicStore.Application.Tests.Features.Shopping.Commands.Checkout.SelectShippingMethodCommandHandlerTests.Handle_Response_ContainsShippingMethodDetails" computerName="P00002" duration="00:00:00.0072342" startTime="2026-07-30T22:02:21.9831880+05:30" endTime="2026-07-30T22:02:21.9831882+05:30" testType="13cdc9d9-ddb5-4fa4-a97d-d965ccfc6d4b" outcome="Passed" testListId="8c84fa94-04c1-424b-9868-57a2d4851a1d" relativeResultsDirectory="38f9f076-08ed-4fa2-b8fb-9f3bc4360174" />
    <UnitTestResult executionId="824168d2-a768-4b9d-802a-8e6fe88cc4b6" testId="3b87102c-c16a-3ee9-1931-9952d8a12265" testName="KromicStore.Application.Tests.Features.Shopping.Commands.Checkout.RemoveCouponCommandHandlerTests.Handle_Response_ContainsCheckoutSessionId" computerName="P00002" duration="00:00:00.0005419" startTime="2026-07-30T22:02:21.9662047+05:30" endTime="2026-07-30T22:02:21.9662047+05:30" testType="13cdc9d9-ddb5-4fa4-a97d-d965ccfc6d4b" outcome="Passed" testListId="8c84fa94-04c1-424b-9868-57a2d4851a1d" relativeResultsDirectory="824168d2-a768-4b9d-802a-8e6fe88cc4b6" />
    <UnitTestResult executionId="26776ed5-0166-417f-8c15-aaa1bc468b39" testId="43b7016a-e91d-434d-d584-5b56b1658cf3" testName="KromicStore.Application.Tests.Features.Shopping.Commands.Checkout.UpdateShippingAddressCommandHandlerTests.Handle_CheckoutSessionFromDifferentTenant_ThrowsException" computerName="P00002" duration="00:00:00.0012035" startTime="2026-07-30T22:02:21.9701990+05:30" endTime="2026-07-30T22:02:21.9701991+05:30" testType="13cdc9d9-ddb5-4fa4-a97d-d965ccfc6d4b" outcome="Passed" testListId="8c84fa94-04c1-424b-9868-57a2d4851a1d" relativeResultsDirectory="26776ed5-0166-417f-8c15-aaa1bc468b39" />
    <UnitTestResult executionId="7b4be79a-cf03-4c2b-8828-96641821a91f" testId="313169ad-759b-7675-73e9-1692784b1d7e" testName="KromicStore.Application.Tests.Features.Shopping.Commands.Checkout.SelectShippingMethodCommandHandlerTests.Handle_CheckoutSessionFromDifferentTenant_ThrowsException" computerName="P00002" duration="00:00:00.0011724" startTime="2026-07-30T22:02:21.9743623+05:30" endTime="2026-07-30T22:02:21.9743623+05:30" testType="13cdc9d9-ddb5-4fa4-a97d-d965ccfc6d4b" outcome="Passed" testListId="8c84fa94-04c1-424b-9868-57a2d4851a1d" relativeResultsDirectory="7b4be79a-cf03-4c2b-8828-96641821a91f" />
    <UnitTestResult executionId="e03ca259-34eb-4221-93d6-d6e02c537327" testId="b8b14a1f-7416-ec2c-3881-bd70bef2e72e" testName="KromicStore.Application.Tests.Features.Shopping.Commands.Checkout.UpdateShippingAddressCommandHandlerTests.Handle_UpdatesMultipleTimes_LastOneWins" computerName="P00002" duration="00:00:00.0170807" startTime="2026-07-30T22:02:21.9650742+05:30" endTime="2026-07-30T22:02:21.9650742+05:30" testType="13cdc9d9-ddb5-4fa4-a97d-d965ccfc6d4b" outcome="Passed" testListId="8c84fa94-04c1-424b-9868-57a2d4851a1d" relativeResultsDirectory="e03ca259-34eb-4221-93d6-d6e02c537327" />
    <UnitTestResult executionId="a0e29b05-52b9-4cbe-a7e8-96496b6e3cfd" testId="5d98a634-9e0a-acef-5e7a-a5daef70125a" testName="KromicStore.Application.Tests.Features.Shopping.Commands.Checkout.UpdateBillingAddressCommandHandlerTests.Handle_WithLongAddressComponents_FormatsCorrectly" computerName="P00002" duration="00:00:00.0168447" startTime="2026-07-30T22:02:21.9639864+05:30" endTime="2026-07-30T22:02:21.9639867+05:30" testType="13cdc9d9-ddb5-4fa4-a97d-d965ccfc6d4b" outcome="Passed" testListId="8c84fa94-04c1-424b-9868-57a2d4851a1d" relativeResultsDirectory="a0e29b05-52b9-4cbe-a7e8-96496b6e3cfd" />
    <UnitTestResult executionId="a0926188-b991-418c-ad6d-5764ff4f3f20" testId="282337a4-e380-545d-dfc2-602c908abf24" testName="KromicStore.Application.Tests.Features.Shopping.Commands.Checkout.UpdateShippingAddressCommandHandlerTests.Handle_FullAddress_IncludesAllComponents" computerName="P00002" duration="00:00:00.0007165" startTime="2026-07-30T22:02:21.9741536+05:30" endTime="2026-07-30T22:02:21.9741536+05:30" testType="13cdc9d9-ddb5-4fa4-a97d-d965ccfc6d4b" outcome="Passed" testListId="8c84fa94-04c1-424b-9868-57a2d4851a1d" relativeResultsDirectory="a0926188-b991-418c-ad6d-5764ff4f3f20" />
    <UnitTestResult executionId="d8556d59-1179-4703-9a2a-86a7a90609b0" testId="7986d530-6f53-51aa-0d32-52d622863215" testName="KromicStore.Application.Tests.Features.Shopping.Commands.Checkout.PlaceOrderCommandHandlerTests.Handle_PlacesOrder_WithValidCheckout" computerName="P00002" duration="00:00:00.4475513" startTime="2026-07-30T22:02:21.9490106+05:30" endTime="2026-07-30T22:02:21.9490111+05:30" testType="13cdc9d9-ddb5-4fa4-a97d-d965ccfc6d4b" outcome="Passed" testListId="8c84fa94-04c1-424b-9868-57a2d4851a1d" relativeResultsDirectory="d8556d59-1179-4703-9a2a-86a7a90609b0" />
    <UnitTestResult executionId="774c24c6-7fc2-4979-86a1-b889c38bd364" testId="4f1e24d2-fb27-f66e-4ade-e557f850fc1e" testName="KromicStore.Application.Tests.Features.Shopping.Commands.Checkout.RemoveCouponCommandHandlerTests.Handle_RemovesCoupon_WhenApplied" computerName="P00002" duration="00:00:00.0162501" startTime="2026-07-30T22:02:21.9645130+05:30" endTime="2026-07-30T22:02:21.9645131+05:30" testType="13cdc9d9-ddb5-4fa4-a97d-d965ccfc6d4b" outcome="Passed" testListId="8c84fa94-04c1-424b-9868-57a2d4851a1d" relativeResultsDirectory="774c24c6-7fc2-4979-86a1-b889c38bd364" />
    <UnitTestResult executionId="1a2e67cb-252f-4933-a0ef-7d68aaeccd06" testId="55b73f69-6649-f692-518c-069b13a775e0" testName="KromicStore.Application.Tests.Features.Shopping.Commands.Checkout.CreateCheckoutSessionCommandHandlerTests.Handle_Response_CalculatesSubTotal" computerName="P00002" duration="00:00:00.0016788" startTime="2026-07-30T22:02:21.9720697+05:30" endTime="2026-07-30T22:02:21.9720698+05:30" testType="13cdc9d9-ddb5-4fa4-a97d-d965ccfc6d4b" outcome="Passed" testListId="8c84fa94-04c1-424b-9868-57a2d4851a1d" relativeResultsDirectory="1a2e67cb-252f-4933-a0ef-7d68aaeccd06" />
    <UnitTestResult executionId="a08ba1b9-b212-4bdf-97dd-f867e4371c3d" testId="eb607deb-356a-d8b5-f2d8-69484939a370" testName="KromicStore.Application.Tests.Features.Shopping.Commands.Checkout.SelectShippingMethodCommandHandlerTests.Handle_WithHighShippingCost_MaintainsPrecision" computerName="P00002" duration="00:00:00.0005857" startTime="2026-07-30T22:02:21.9693349+05:30" endTime="2026-07-30T22:02:21.9693349+05:30" testType="13cdc9d9-ddb5-4fa4-a97d-d965ccfc6d4b" outcome="Passed" testListId="8c84fa94-04c1-424b-9868-57a2d4851a1d" relativeResultsDirectory="a08ba1b9-b212-4bdf-97dd-f867e4371c3d" />
    <UnitTestResult executionId="01702e6d-4661-42c8-a604-167c176de91a" testId="704b6047-97a2-9b46-bbb1-ba53d5190a94" testName="KromicStore.Application.Tests.Features.Shopping.Commands.Checkout.UpdateBillingAddressCommandHandlerTests.Handle_SavesChanges" computerName="P00002" duration="00:00:00.3101763" startTime="2026-07-30T22:02:21.9469973+05:30" endTime="2026-07-30T22:02:21.9469974+05:30" testType="13cdc9d9-ddb5-4fa4-a97d-d965ccfc6d4b" outcome="Passed" testListId="8c84fa94-04c1-424b-9868-57a2d4851a1d" relativeResultsDirectory="01702e6d-4661-42c8-a604-167c176de91a" />
    <UnitTestResult executionId="b99a55f9-2804-4fac-8401-83cdcc9b5554" testId="060d9e43-26c8-cd0f-af74-78694fdd0959" testName="KromicStore.Application.Tests.Features.Shopping.Commands.Checkout.ApplyCouponCommandHandlerTests.Handle_AppliesCouponMultipleTimes_LastOneWins" computerName="P00002" duration="00:00:00.0006346" startTime="2026-07-30T22:02:21.9656054+05:30" endTime="2026-07-30T22:02:21.9656055+05:30" testType="13cdc9d9-ddb5-4fa4-a97d-d965ccfc6d4b" outcome="Passed" testListId="8c84fa94-04c1-424b-9868-57a2d4851a1d" relativeResultsDirectory="b99a55f9-2804-4fac-8401-83cdcc9b5554" />
    <UnitTestResult executionId="9c4880dc-3468-4186-9483-311a7d9bab1e" testId="b1fb0756-8f20-5854-ea79-e99485485876" testName="KromicStore.Application.Tests.Features.Shopping.Commands.Checkout.UpdateShippingAddressCommandHandlerTests.Handle_NullTenantContext_ThrowsException" computerName="P00002" duration="00:00:00.0013383" startTime="2026-07-30T22:02:21.9673586+05:30" endTime="2026-07-30T22:02:21.9673587+05:30" testType="13cdc9d9-ddb5-4fa4-a97d-d965ccfc6d4b" outcome="Passed" testListId="8c84fa94-04c1-424b-9868-57a2d4851a1d" relativeResultsDirectory="9c4880dc-3468-4186-9483-311a7d9bab1e" />
    <UnitTestResult executionId="376b9d39-cd57-4f90-a1b9-bd1194d3edac" testId="928db0f8-11b4-cd61-78a4-2baa2a36fc33" testName="KromicStore.Application.Tests.Features.Shopping.Commands.Checkout.CreateCheckoutSessionCommandHandlerTests.Handle_CartNotFound_ThrowsException" computerName="P00002" duration="00:00:00.0007741" startTime="2026-07-30T22:02:21.9907289+05:30" endTime="2026-07-30T22:02:21.9907290+05:30" testType="13cdc9d9-ddb5-4fa4-a97d-d965ccfc6d4b" outcome="Passed" testListId="8c84fa94-04c1-424b-9868-57a2d4851a1d" relativeResultsDirectory="376b9d39-cd57-4f90-a1b9-bd1194d3edac" />
    <UnitTestResult executionId="13ce411d-208b-439a-84c5-33a4ec62e10e" testId="3dfcd017-bd4e-8992-e593-a47783523449" testName="KromicStore.Application.Tests.Features.Shopping.Commands.Checkout.PlaceOrderCommandHandlerTests.Handle_CheckoutSessionNotFound_ThrowsException" computerName="P00002" duration="00:00:00.0006579" startTime="2026-07-30T22:02:21.9519565+05:30" endTime="2026-07-30T22:02:21.9519566+05:30" testType="13cdc9d9-ddb5-4fa4-a97d-d965ccfc6d4b" outcome="Passed" testListId="8c84fa94-04c1-424b-9868-57a2d4851a1d" relativeResultsDirectory="13ce411d-208b-439a-84c5-33a4ec62e10e" />
    <UnitTestResult executionId="43db8e32-2609-4f32-80cc-91acfcfd1b21" testId="2acf57a5-fb19-ff31-3a1d-183871286d9c" testName="KromicStore.Application.Tests.Features.Shopping.Commands.Checkout.PlaceOrderCommandHandlerTests.Handle_GeneratesOrderNumber" computerName="P00002" duration="00:00:00.0030163" startTime="2026-07-30T22:02:21.9673994+05:30" endTime="2026-07-30T22:02:21.9673995+05:30" testType="13cdc9d9-ddb5-4fa4-a97d-d965ccfc6d4b" outcome="Passed" testListId="8c84fa94-04c1-424b-9868-57a2d4851a1d" relativeResultsDirectory="43db8e32-2609-4f32-80cc-91acfcfd1b21" />
    <UnitTestResult executionId="57956336-3219-4b73-8a46-41ed0a55fad7" testId="497b967c-6a97-8ee3-635a-b2a9888b2abc" testName="KromicStore.Application.Tests.Features.Shopping.Commands.Checkout.ApplyCouponCommandHandlerTests.Handle_DifferentTenant_ThrowsException" computerName="P00002" duration="00:00:00.0007776" startTime="2026-07-30T22:02:21.9674277+05:30" endTime="2026-07-30T22:02:21.9674277+05:30" testType="13cdc9d9-ddb5-4fa4-a97d-d965ccfc6d4b" outcome="Passed" testListId="8c84fa94-04c1-424b-9868-57a2d4851a1d" relativeResultsDirectory="57956336-3219-4b73-8a46-41ed0a55fad7" />
    <UnitTestResult executionId="e51789fa-9a96-4eb9-9ddd-26f91ff69864" testId="9efa67db-8209-afb6-f07a-147e17f0dde2" testName="KromicStore.Application.Tests.Features.Shopping.Commands.Checkout.CreateCheckoutSessionCommandHandlerTests.Handle_WithGuestCart_ConvertedToCustomer_CreatesCheckoutSuccessfully" computerName="P00002" duration="00:00:00.0012246" startTime="2026-07-30T22:02:21.9878763+05:30" endTime="2026-07-30T22:02:21.9878764+05:30" testType="13cdc9d9-ddb5-4fa4-a97d-d965ccfc6d4b" outcome="Passed" testListId="8c84fa94-04c1-424b-9868-57a2d4851a1d" relativeResultsDirectory="e51789fa-9a96-4eb9-9ddd-26f91ff69864" />
    <UnitTestResult executionId="ab520cd3-326a-4c07-9fa3-bd5ba5578a03" testId="40d7acc3-7f81-5975-8954-eb17f0ebc33d" testName="KromicStore.Application.Tests.Features.Shopping.Commands.Checkout.CreateCheckoutSessionCommandHandlerTests.Handle_Response_ContainsCorrectCustomerId" computerName="P00002" duration="00:00:00.0015441" startTime="2026-07-30T22:02:21.9680294+05:30" endTime="2026-07-30T22:02:21.9680294+05:30" testType="13cdc9d9-ddb5-4fa4-a97d-d965ccfc6d4b" outcome="Passed" testListId="8c84fa94-04c1-424b-9868-57a2d4851a1d" relativeResultsDirectory="ab520cd3-326a-4c07-9fa3-bd5ba5578a03" />
    <UnitTestResult executionId="6bd40f69-1d89-49aa-bfba-223804d5ca9e" testId="e1f44fe1-05e5-58bd-3df3-a49a65e63036" testName="KromicStore.Application.Tests.Features.Shopping.Commands.Checkout.SelectShippingMethodCommandHandlerTests.Handle_ShippingAddressNotSet_ThrowsException" computerName="P00002" duration="00:00:00.0007814" startTime="2026-07-30T22:02:21.9752203+05:30" endTime="2026-07-30T22:02:21.9752203+05:30" testType="13cdc9d9-ddb5-4fa4-a97d-d965ccfc6d4b" outcome="Passed" testListId="8c84fa94-04c1-424b-9868-57a2d4851a1d" relativeResultsDirectory="6bd40f69-1d89-49aa-bfba-223804d5ca9e" />
    <UnitTestResult executionId="3a7d873e-515a-405b-931d-2b91cb1f5759" testId="21204fcb-6291-30a4-0169-7d5a031e5277" testName="KromicStore.Application.Tests.Features.Shopping.Commands.Checkout.SelectShippingMethodCommandHandlerTests.Handle_SavesChanges" computerName="P00002" duration="00:00:00.0005777" startTime="2026-07-30T22:02:21.9757940+05:30" endTime="2026-07-30T22:02:21.9757940+05:30" testType="13cdc9d9-ddb5-4fa4-a97d-d965ccfc6d4b" outcome="Passed" testListId="8c84fa94-04c1-424b-9868-57a2d4851a1d" relativeResultsDirectory="3a7d873e-515a-405b-931d-2b91cb1f5759" />
    <UnitTestResult executionId="67240abb-a7e5-437d-ae95-5387000d339b" testId="4217257b-6c81-802c-645b-87509db7d52b" testName="KromicStore.Application.Tests.Features.Shopping.Commands.Checkout.UpdateBillingAddressCommandHandlerTests.Handle_UpdatesBillingAddress_MultipleAddressFormats" computerName="P00002" duration="00:00:00.0014497" startTime="2026-07-30T22:02:21.9735853+05:30" endTime="2026-07-30T22:02:21.9735854+05:30" testType="13cdc9d9-ddb5-4fa4-a97d-d965ccfc6d4b" outcome="Passed" testListId="8c84fa94-04c1-424b-9868-57a2d4851a1d" relativeResultsDirectory="67240abb-a7e5-437d-ae95-5387000d339b" />
    <UnitTestResult executionId="c3552fce-e988-47cc-af64-666f955d4fc4" testId="d32889ad-34aa-9cb4-5a44-79ab88bb1d67" testName="KromicStore.Application.Tests.Features.Shopping.Commands.Checkout.RemoveCouponCommandHandlerTests.Handle_RestoresFullPrice_AfterCouponRemoval" computerName="P00002" duration="00:00:00.3089656" startTime="2026-07-30T22:02:21.9480630+05:30" endTime="2026-07-30T22:02:21.9480630+05:30" testType="13cdc9d9-ddb5-4fa4-a97d-d965ccfc6d4b" outcome="Passed" testListId="8c84fa94-04c1-424b-9868-57a2d4851a1d" relativeResultsDirectory="c3552fce-e988-47cc-af64-666f955d4fc4" />
    <UnitTestResult executionId="bc8dc140-69c6-42eb-8510-a4bea1a3080a" testId="876eb615-9841-5709-1bae-e44061abbfcb" testName="KromicStore.Application.Tests.Features.Shopping.Commands.Checkout.CreateCheckoutSessionCommandHandlerTests.Handle_CallsRepository_Add" computerName="P00002" duration="00:00:00.0181754" startTime="2026-07-30T22:02:21.9662429+05:30" endTime="2026-07-30T22:02:21.9662430+05:30" testType="13cdc9d9-ddb5-4fa4-a97d-d965ccfc6d4b" outcome="Passed" testListId="8c84fa94-04c1-424b-9868-57a2d4851a1d" relativeResultsDirectory="bc8dc140-69c6-42eb-8510-a4bea1a3080a" />
    <UnitTestResult executionId="fad93dd9-a692-403f-b745-f0d4bc38f5b2" testId="d357eb0a-d701-211e-ea30-8144e19f7059" testName="KromicStore.Application.Tests.Features.Shopping.Commands.Checkout.PlaceOrderCommandHandlerTests.Handle_PaymentMethodNotSet_ThrowsException" computerName="P00002" duration="00:00:00.0008389" startTime="2026-07-30T22:02:21.9512054+05:30" endTime="2026-07-30T22:02:21.9512055+05:30" testType="13cdc9d9-ddb5-4fa4-a97d-d965ccfc6d4b" outcome="Passed" testListId="8c84fa94-04c1-424b-9868-57a2d4851a1d" relativeResultsDirectory="fad93dd9-a692-403f-b745-f0d4bc38f5b2" />
    <UnitTestResult executionId="c23081e5-cfe3-4346-bd1c-4d0d9d351676" testId="25109b0d-f95f-5e50-2dcf-d14de1c51b02" testName="KromicStore.Application.Tests.Features.Shopping.Commands.Checkout.UpdateShippingAddressCommandHandlerTests.Handle_SavesChanges" computerName="P00002" duration="00:00:00.0005491" startTime="2026-07-30T22:02:21.9689184+05:30" endTime="2026-07-30T22:02:21.9689184+05:30" testType="13cdc9d9-ddb5-4fa4-a97d-d965ccfc6d4b" outcome="Passed" testListId="8c84fa94-04c1-424b-9868-57a2d4851a1d" relativeResultsDirectory="c23081e5-cfe3-4346-bd1c-4d0d9d351676" />
    <UnitTestResult executionId="14103282-edcc-4274-b126-a45093549ffe" testId="f05bf68a-1608-180c-c4b0-e2006a81ce06" testName="KromicStore.Application.Tests.Features.Shopping.Commands.Checkout.UpdateShippingAddressCommandHandlerTests.Handle_Response_HasCorrectCheckoutSessionId" computerName="P00002" duration="00:00:00.0012742" startTime="2026-07-30T22:02:21.9661144+05:30" endTime="2026-07-30T22:02:21.9661144+05:30" testType="13cdc9d9-ddb5-4fa4-a97d-d965ccfc6d4b" outcome="Passed" testListId="8c84fa94-04c1-424b-9868-57a2d4851a1d" relativeResultsDirectory="14103282-edcc-4274-b126-a45093549ffe" />
    <UnitTestResult executionId="212a9bf1-a209-486f-9b5d-95c7998bf541" testId="d64d1c47-1b1a-483e-932d-81d2e377b20f" testName="KromicStore.Application.Tests.Features.Shopping.Commands.Checkout.UpdateBillingAddressCommandHandlerTests.Handle_UpdatesBillingAddress_WithValidData" computerName="P00002" duration="00:00:00.0015499" startTime="2026-07-30T22:02:21.9709773+05:30" endTime="2026-07-30T22:02:21.9709773+05:30" testType="13cdc9d9-ddb5-4fa4-a97d-d965ccfc6d4b" outcome="Passed" testListId="8c84fa94-04c1-424b-9868-57a2d4851a1d" relativeResultsDirectory="212a9bf1-a209-486f-9b5d-95c7998bf541" />
    <UnitTestResult executionId="e451288c-3f03-40f4-b4ac-2c971b05d225" testId="193b3603-c45c-faa9-32dc-7f7d36f25256" testName="KromicStore.Application.Tests.Features.Shopping.Commands.Checkout.ApplyCouponCommandHandlerTests.Handle_CalculatesDiscount_At10Percent" computerName="P00002" duration="00:00:00.0005684" startTime="2026-07-30T22:02:21.9679967+05:30" endTime="2026-07-30T22:02:21.9679968+05:30" testType="13cdc9d9-ddb5-4fa4-a97d-d965ccfc6d4b" outcome="Passed" testListId="8c84fa94-04c1-424b-9868-57a2d4851a1d" relativeResultsDirectory="e451288c-3f03-40f4-b4ac-2c971b05d225" />
    <UnitTestResult executionId="b6cff475-706e-43a8-bb46-6a393293ca6d" testId="adc52407-8ac7-1328-4b22-c62484feb050" testName="KromicStore.Application.Tests.Features.Shopping.Commands.Checkout.RemoveCouponCommandHandlerTests.Handle_SavesChanges_WhenCouponRemoved" computerName="P00002" duration="00:00:00.0005567" startTime="2026-07-30T22:02:21.9651703+05:30" endTime="2026-07-30T22:02:21.9651704+05:30" testType="13cdc9d9-ddb5-4fa4-a97d-d965ccfc6d4b" outcome="Passed" testListId="8c84fa94-04c1-424b-9868-57a2d4851a1d" relativeResultsDirectory="b6cff475-706e-43a8-bb46-6a393293ca6d" />
    <UnitTestResult executionId="7ee53544-631e-4ba8-ae05-8045a7b093da" testId="a27f3b71-d60e-7b7a-9a3f-ecd47cea1dd8" testName="KromicStore.Application.Tests.Features.Shopping.Commands.Checkout.SelectShippingMethodCommandHandlerTests.Handle_NullTenantContext_ThrowsException" computerName="P00002" duration="00:00:00.0017776" startTime="2026-07-30T22:02:21.9661805+05:30" endTime="2026-07-30T22:02:21.9661805+05:30" testType="13cdc9d9-ddb5-4fa4-a97d-d965ccfc6d4b" outcome="Passed" testListId="8c84fa94-04c1-424b-9868-57a2d4851a1d" relativeResultsDirectory="7ee53544-631e-4ba8-ae05-8045a7b093da" />
    <UnitTestResult executionId="e29b97d7-6bb5-431c-ae25-75db6bd383ef" testId="5698b135-ca9d-6d8c-653b-0d8ec01bb1b1" testName="KromicStore.Application.Tests.Features.Shopping.Commands.Checkout.ApplyCouponCommandHandlerTests.Handle_WithMultipleCoupons_IgnoresPrevious" computerName="P00002" duration="00:00:00.0006322" startTime="2026-07-30T22:02:21.9682830+05:30" endTime="2026-07-30T22:02:21.9682831+05:30" testType="13cdc9d9-ddb5-4fa4-a97d-d965ccfc6d4b" outcome="Passed" testListId="8c84fa94-04c1-424b-9868-57a2d4851a1d" relativeResultsDirectory="e29b97d7-6bb5-431c-ae25-75db6bd383ef" />
    <UnitTestResult executionId="04177a20-ec69-4b0e-bfe5-cdbee828c29a" testId="3842c380-77aa-19c4-a47e-e50e0c0c8c90" testName="KromicStore.Application.Tests.Features.Shopping.Commands.Checkout.CreateCheckoutSessionCommandHandlerTests.Handle_CartFromDifferentTenant_ThrowsException" computerName="P00002" duration="00:00:00.0009312" startTime="2026-07-30T22:02:21.9888511+05:30" endTime="2026-07-30T22:02:21.9888512+05:30" testType="13cdc9d9-ddb5-4fa4-a97d-d965ccfc6d4b" outcome="Passed" testListId="8c84fa94-04c1-424b-9868-57a2d4851a1d" relativeResultsDirectory="04177a20-ec69-4b0e-bfe5-cdbee828c29a" />
    <UnitTestResult executionId="8120f015-fac1-40e7-b26f-985642c3691e" testId="81382786-e4c6-79b6-5eae-9b5ec5115141" testName="KromicStore.Application.Tests.Features.Shopping.Commands.Checkout.SelectShippingMethodCommandHandlerTests.Handle_WithFreeShipping_CalculatesCorrectTotal" computerName="P00002" duration="00:00:00.0161893" startTime="2026-07-30T22:02:21.9640752+05:30" endTime="2026-07-30T22:02:21.9640752+05:30" testType="13cdc9d9-ddb5-4fa4-a97d-d965ccfc6d4b" outcome="Passed" testListId="8c84fa94-04c1-424b-9868-57a2d4851a1d" relativeResultsDirectory="8120f015-fac1-40e7-b26f-985642c3691e" />
    <UnitTestResult executionId="ffeac5b4-8f7e-4e5e-bd2d-20e4150533b6" testId="523c96ad-9028-190f-36b3-8918ff2fd488" testName="KromicStore.Application.Tests.Features.Shopping.Commands.Checkout.PlaceOrderCommandHandlerTests.Handle_DifferentTenant_ThrowsException" computerName="P00002" duration="00:00:00.0007878" startTime="2026-07-30T22:02:21.9527183+05:30" endTime="2026-07-30T22:02:21.9527184+05:30" testType="13cdc9d9-ddb5-4fa4-a97d-d965ccfc6d4b" outcome="Passed" testListId="8c84fa94-04c1-424b-9868-57a2d4851a1d" relativeResultsDirectory="ffeac5b4-8f7e-4e5e-bd2d-20e4150533b6" />
    <UnitTestResult executionId="9ba1b9d1-37fa-4238-9e91-eff91ced36cb" testId="59ae39be-5ffd-6f6c-9fbf-99b279196faa" testName="KromicStore.Application.Tests.Features.Shopping.Commands.Checkout.CreateCheckoutSessionCommandHandlerTests.Handle_WithManyItems_CreatesCheckoutSuccessfully" computerName="P00002" duration="00:00:00.0011448" startTime="2026-07-30T22:02:21.9688910+05:30" endTime="2026-07-30T22:02:21.9688911+05:30" testType="13cdc9d9-ddb5-4fa4-a97d-d965ccfc6d4b" outcome="Passed" testListId="8c84fa94-04c1-424b-9868-57a2d4851a1d" relativeResultsDirectory="9ba1b9d1-37fa-4238-9e91-eff91ced36cb" />
    <UnitTestResult executionId="c1667c19-fd29-4bc5-9190-eca8ffbb2704" testId="6a3c41a2-a310-242d-4f35-0f39c6f00ae2" testName="KromicStore.Application.Tests.Features.Shopping.Commands.Checkout.SelectShippingMethodCommandHandlerTests.Handle_UpdatesMultipleTimes_LastOneWins" computerName="P00002" duration="00:00:00.0019811" startTime="2026-07-30T22:02:21.9852175+05:30" endTime="2026-07-30T22:02:21.9852176+05:30" testType="13cdc9d9-ddb5-4fa4-a97d-d965ccfc6d4b" outcome="Passed" testListId="8c84fa94-04c1-424b-9868-57a2d4851a1d" relativeResultsDirectory="c1667c19-fd29-4bc5-9190-eca8ffbb2704" />
    <UnitTestResult executionId="5d614d9b-f297-4cda-9d0b-d2229cf181a3" testId="6584008f-55a6-5c8e-a8bf-37fbc35eec41" testName="KromicStore.Application.Tests.Features.Shopping.Commands.Checkout.ApplyCouponCommandHandlerTests.Handle_NullTenantContext_ThrowsException" computerName="P00002" duration="00:00:00.0015271" startTime="2026-07-30T22:02:21.9709329+05:30" endTime="2026-07-30T22:02:21.9709330+05:30" testType="13cdc9d9-ddb5-4fa4-a97d-d965ccfc6d4b" outcome="Passed" testListId="8c84fa94-04c1-424b-9868-57a2d4851a1d" relativeResultsDirectory="5d614d9b-f297-4cda-9d0b-d2229cf181a3" />
    <UnitTestResult executionId="84fb87ca-4e25-42b5-9958-80d6523351e5" testId="4b842077-852a-f6f9-18ab-f546b9b58004" testName="KromicStore.Application.Tests.Features.Shopping.Commands.Checkout.RemoveCouponCommandHandlerTests.Handle_RemoveCoupon_WhenNoCouponApplied_ReturnsFalse" computerName="P00002" duration="00:00:00.0005470" startTime="2026-07-30T22:02:21.9674621+05:30" endTime="2026-07-30T22:02:21.9674621+05:30" testType="13cdc9d9-ddb5-4fa4-a97d-d965ccfc6d4b" outcome="Passed" testListId="8c84fa94-04c1-424b-9868-57a2d4851a1d" relativeResultsDirectory="84fb87ca-4e25-42b5-9958-80d6523351e5" />
    <UnitTestResult executionId="d700c93e-dcac-4e21-80f6-77c7dfd91e6c" testId="32cf64de-b15f-da02-d61b-947188837515" testName="KromicStore.Application.Tests.Features.Shopping.Commands.Checkout.CreateCheckoutSessionCommandHandlerTests.Handle_CreatesCheckoutSession_WithValidCart" computerName="P00002" duration="00:00:00.0010532" startTime="2026-07-30T22:02:21.9899149+05:30" endTime="2026-07-30T22:02:21.9899150+05:30" testType="13cdc9d9-ddb5-4fa4-a97d-d965ccfc6d4b" outcome="Passed" testListId="8c84fa94-04c1-424b-9868-57a2d4851a1d" relativeResultsDirectory="d700c93e-dcac-4e21-80f6-77c7dfd91e6c" />
    <UnitTestResult executionId="b0817869-03d6-4837-89d4-47e069a9d802" testId="adf2c54a-0b41-68aa-5bff-bf70f2d893d0" testName="KromicStore.Application.Tests.Features.Shopping.Commands.Checkout.UpdateBillingAddressCommandHandlerTests.Handle_UpdatesBillingAddress_InternationalAddresses" computerName="P00002" duration="00:00:00.0013806" startTime="2026-07-30T22:02:21.9720448+05:30" endTime="2026-07-30T22:02:21.9720448+05:30" testType="13cdc9d9-ddb5-4fa4-a97d-d965ccfc6d4b" outcome="Passed" testListId="8c84fa94-04c1-424b-9868-57a2d4851a1d" relativeResultsDirectory="b0817869-03d6-4837-89d4-47e069a9d802" />
    <UnitTestResult executionId="ed201bb9-09d1-4db7-b95e-96336425c78c" testId="cae223f4-cf89-7d03-8c99-a05b662816de" testName="KromicStore.Application.Tests.Features.Shopping.Commands.Checkout.UpdateShippingAddressCommandHandlerTests.Handle_Response_AlwaysReturnsTrue_ForShippingAddressUpdated" computerName="P00002" duration="00:00:00.0008262" startTime="2026-07-30T22:02:21.9732244+05:30" endTime="2026-07-30T22:02:21.9732245+05:30" testType="13cdc9d9-ddb5-4fa4-a97d-d965ccfc6d4b" outcome="Passed" testListId="8c84fa94-04c1-424b-9868-57a2d4851a1d" relativeResultsDirectory="ed201bb9-09d1-4db7-b95e-96336425c78c" />
    <UnitTestResult executionId="828936db-a331-48f3-839a-c59be0fd055c" testId="4f5870c3-6317-10e4-062c-75f40f51322e" testName="KromicStore.Application.Tests.Features.Shopping.Commands.Checkout.CreateCheckoutSessionCommandHandlerTests.Handle_WithHighValueCart_MaintainsPrecision" computerName="P00002" duration="00:00:00.4447926" startTime="2026-07-30T22:02:21.9480787+05:30" endTime="2026-07-30T22:02:21.9480788+05:30" testType="13cdc9d9-ddb5-4fa4-a97d-d965ccfc6d4b" outcome="Passed" testListId="8c84fa94-04c1-424b-9868-57a2d4851a1d" relativeResultsDirectory="828936db-a331-48f3-839a-c59be0fd055c" />
    <UnitTestResult executionId="d65e9c17-7f8f-4635-a1be-9fc760079f10" testId="b06e9e5d-c1d3-c1c4-8bda-2ca74a783193" testName="KromicStore.Application.Tests.Features.Shopping.Commands.Checkout.SelectShippingMethodCommandHandlerTests.Handle_CheckoutSessionNotFound_ThrowsException" computerName="P00002" duration="00:00:00.0013726" startTime="2026-07-30T22:02:21.9679582+05:30" endTime="2026-07-30T22:02:21.9679582+05:30" testType="13cdc9d9-ddb5-4fa4-a97d-d965ccfc6d4b" outcome="Passed" testListId="8c84fa94-04c1-424b-9868-57a2d4851a1d" relativeResultsDirectory="d65e9c17-7f8f-4635-a1be-9fc760079f10" />
    <UnitTestResult executionId="12202511-98ef-4b6e-8b50-83b59b2a3559" testId="0cdd28e6-d1cb-679b-65d5-f5472dcc3b96" testName="KromicStore.Application.Tests.Features.Shopping.Commands.Checkout.UpdateShippingAddressCommandHandlerTests.Handle_CheckoutSessionNotFound_ThrowsException" computerName="P00002" duration="00:00:00.1334756" startTime="2026-07-30T22:02:21.6359611+05:30" endTime="2026-07-30T22:02:21.6359713+05:30" testType="13cdc9d9-ddb5-4fa4-a97d-d965ccfc6d4b" outcome="Passed" testListId="8c84fa94-04c1-424b-9868-57a2d4851a1d" relativeResultsDirectory="12202511-98ef-4b6e-8b50-83b59b2a3559" />
    <UnitTestResult executionId="54a229ec-a79d-4563-8c2a-ac97347abe64" testId="be6e715f-a088-55f2-f9e1-365c03cc2491" testName="KromicStore.Application.Tests.Features.Shopping.Commands.Checkout.UpdateBillingAddressCommandHandlerTests.Handle_NullTenantContext_ThrowsException" computerName="P00002" duration="00:00:00.1325697" startTime="2026-07-30T22:02:21.6390472+05:30" endTime="2026-07-30T22:02:21.6390473+05:30" testType="13cdc9d9-ddb5-4fa4-a97d-d965ccfc6d4b" outcome="Passed" testListId="8c84fa94-04c1-424b-9868-57a2d4851a1d" relativeResultsDirectory="54a229ec-a79d-4563-8c2a-ac97347abe64" />
    <UnitTestResult executionId="222d00d4-057d-49a9-86b0-8c0caa3112b1" testId="33f3e512-6dc6-ff65-6ad8-75502d1ba62a" testName="KromicStore.Application.Tests.Features.Shopping.Commands.Checkout.ApplyCouponCommandHandlerTests.Handle_Response_ContainsCouponCode" computerName="P00002" duration="00:00:00.4451864" startTime="2026-07-30T22:02:21.9467729+05:30" endTime="2026-07-30T22:02:21.9467736+05:30" testType="13cdc9d9-ddb5-4fa4-a97d-d965ccfc6d4b" outcome="Passed" testListId="8c84fa94-04c1-424b-9868-57a2d4851a1d" relativeResultsDirectory="222d00d4-057d-49a9-86b0-8c0caa3112b1" />
    <UnitTestResult executionId="301d67ef-142e-421a-95aa-97eb9b92bdad" testId="ee4cf1d1-6a66-2fe4-e186-e592b7bce33b" testName="KromicStore.Application.Tests.Features.Shopping.Commands.Checkout.ApplyCouponCommandHandlerTests.Handle_CheckoutSessionNotFound_ThrowsException" computerName="P00002" duration="00:00:00.0022717" startTime="2026-07-30T22:02:21.9730046+05:30" endTime="2026-07-30T22:02:21.9730047+05:30" testType="13cdc9d9-ddb5-4fa4-a97d-d965ccfc6d4b" outcome="Passed" testListId="8c84fa94-04c1-424b-9868-57a2d4851a1d" relativeResultsDirectory="301d67ef-142e-421a-95aa-97eb9b92bdad" />
    <UnitTestResult executionId="3f97c61c-863d-4158-9f7e-3080c61ec2e6" testId="ad1bd56f-a067-a918-b5dc-24eb4dcaee73" testName="KromicStore.Application.Tests.Features.Shopping.Commands.Checkout.PlaceOrderCommandHandlerTests.Handle_WithComplexOrder_MaintainsPrecision" computerName="P00002" duration="00:00:00.0013963" startTime="2026-07-30T22:02:21.9702836+05:30" endTime="2026-07-30T22:02:21.9702837+05:30" testType="13cdc9d9-ddb5-4fa4-a97d-d965ccfc6d4b" outcome="Passed" testListId="8c84fa94-04c1-424b-9868-57a2d4851a1d" relativeResultsDirectory="3f97c61c-863d-4158-9f7e-3080c61ec2e6" />
    <UnitTestResult executionId="d81d93ab-012b-4fee-bab2-7b1666543a77" testId="937becd6-b8f2-b56b-42ac-89e760c90d8e" testName="KromicStore.Application.Tests.Features.Shopping.Commands.Checkout.SelectShippingMethodCommandHandlerTests.Handle_Response_HasCorrectCheckoutSessionId" computerName="P00002" duration="00:00:00.0010284" startTime="2026-07-30T22:02:21.9732018+05:30" endTime="2026-07-30T22:02:21.9732019+05:30" testType="13cdc9d9-ddb5-4fa4-a97d-d965ccfc6d4b" outcome="Passed" testListId="8c84fa94-04c1-424b-9868-57a2d4851a1d" relativeResultsDirectory="d81d93ab-012b-4fee-bab2-7b1666543a77" />
    <UnitTestResult executionId="9aa44711-e393-44ba-9e87-adea877696eb" testId="93530b3c-b9e6-a697-a8dd-13be35803b0b" testName="KromicStore.Application.Tests.Features.Shopping.Commands.Checkout.SelectShippingMethodCommandHandlerTests.Handle_SelectsShippingMethod_WithValidData" computerName="P00002" duration="00:00:00.0011566" startTime="2026-07-30T22:02:21.9687934+05:30" endTime="2026-07-30T22:02:21.9687935+05:30" testType="13cdc9d9-ddb5-4fa4-a97d-d965ccfc6d4b" outcome="Passed" testListId="8c84fa94-04c1-424b-9868-57a2d4851a1d" relativeResultsDirectory="9aa44711-e393-44ba-9e87-adea877696eb" />
    <UnitTestResult executionId="9a597cac-48fb-4f1d-a00d-7c72b165a55f" testId="5333d00b-5108-d966-0dab-3118778fcd53" testName="KromicStore.Application.Tests.Features.Shopping.Commands.Checkout.ApplyCouponCommandHandlerTests.Handle_WithHighValue_MaintainsPrecision" computerName="P00002" duration="00:00:00.0178532" startTime="2026-07-30T22:02:21.9651117+05:30" endTime="2026-07-30T22:02:21.9651118+05:30" testType="13cdc9d9-ddb5-4fa4-a97d-d965ccfc6d4b" outcome="Passed" testListId="8c84fa94-04c1-424b-9868-57a2d4851a1d" relativeResultsDirectory="9a597cac-48fb-4f1d-a00d-7c72b165a55f" />
    <UnitTestResult executionId="42946009-cf55-4187-a421-3af568b052b4" testId="207685cd-f094-8437-90ac-2773315b3cb2" testName="KromicStore.Application.Tests.Features.Shopping.Commands.Checkout.CreateCheckoutSessionCommandHandlerTests.Handle_CreatesCheckoutSession_WithVariants" computerName="P00002" duration="00:00:00.0022908" startTime="2026-07-30T22:02:21.9854717+05:30" endTime="2026-07-30T22:02:21.9854718+05:30" testType="13cdc9d9-ddb5-4fa4-a97d-d965ccfc6d4b" outcome="Passed" testListId="8c84fa94-04c1-424b-9868-57a2d4851a1d" relativeResultsDirectory="42946009-cf55-4187-a421-3af568b052b4" />
    <UnitTestResult executionId="0d60e209-c21c-4d9d-a22f-435c9e4d92c8" testId="a4177c09-0144-8e72-88bd-003042bc096a" testName="KromicStore.Application.Tests.Features.Shopping.Commands.Checkout.UpdateBillingAddressCommandHandlerTests.Handle_UpdatesMultipleTimes_LastOneWins" computerName="P00002" duration="00:00:00.0015066" startTime="2026-07-30T22:02:21.9674839+05:30" endTime="2026-07-30T22:02:21.9674839+05:30" testType="13cdc9d9-ddb5-4fa4-a97d-d965ccfc6d4b" outcome="Passed" testListId="8c84fa94-04c1-424b-9868-57a2d4851a1d" relativeResultsDirectory="0d60e209-c21c-4d9d-a22f-435c9e4d92c8" />
    <UnitTestResult executionId="94cdd7c4-13c4-4056-925a-4db4b0390980" testId="03a6f42d-965c-80ab-f093-025c20c8a8f4" testName="KromicStore.Application.Tests.Features.Shopping.Commands.Checkout.UpdateShippingAddressCommandHandlerTests.Handle_WithLongAddressComponents_FormatsCorrectly" computerName="P00002" duration="00:00:00.3113978" startTime="2026-07-30T22:02:21.9471245+05:30" endTime="2026-07-30T22:02:21.9471247+05:30" testType="13cdc9d9-ddb5-4fa4-a97d-d965ccfc6d4b" outcome="Passed" testListId="8c84fa94-04c1-424b-9868-57a2d4851a1d" relativeResultsDirectory="94cdd7c4-13c4-4056-925a-4db4b0390980" />
    <UnitTestResult executionId="015c1b6e-72b1-49db-a2a5-67e283658f22" testId="c6d6ce6b-8993-c41e-fb58-6df83f6bc71a" testName="KromicStore.Application.Tests.Features.Shopping.Commands.Checkout.UpdateShippingAddressCommandHandlerTests.Handle_UpdatesShippingAddress_InternationalAddresses" computerName="P00002" duration="00:00:00.0013335" startTime="2026-07-30T22:02:21.9683236+05:30" endTime="2026-07-30T22:02:21.9683236+05:30" testType="13cdc9d9-ddb5-4fa4-a97d-d965ccfc6d4b" outcome="Passed" testListId="8c84fa94-04c1-424b-9868-57a2d4851a1d" relativeResultsDirectory="015c1b6e-72b1-49db-a2a5-67e283658f22" />
    <UnitTestResult executionId="4ea2f16e-f6c6-4d22-9490-b8e9b042f97c" testId="e20795bd-a2dc-c5f1-cb31-39e3848d9ef2" testName="KromicStore.Application.Tests.Features.Shopping.Commands.Checkout.SelectShippingMethodCommandHandlerTests.Handle_CalculatesCorrectTotal_WithComplexCart" computerName="P00002" duration="00:00:00.4463663" startTime="2026-07-30T22:02:21.9480467+05:30" endTime="2026-07-30T22:02:21.9480467+05:30" testType="13cdc9d9-ddb5-4fa4-a97d-d965ccfc6d4b" outcome="Passed" testListId="8c84fa94-04c1-424b-9868-57a2d4851a1d" relativeResultsDirectory="4ea2f16e-f6c6-4d22-9490-b8e9b042f97c" />
    <UnitTestResult executionId="491b7521-6d83-4230-b47e-f1a5d6ca3c6c" testId="6d5349b6-e811-ff65-72fa-06183979f2ed" testName="KromicStore.Application.Tests.Features.Shopping.Commands.Checkout.PlaceOrderCommandHandlerTests.Handle_PlacesOrder_WithMultipleItems" computerName="P00002" duration="00:00:00.0111648" startTime="2026-07-30T22:02:21.9640195+05:30" endTime="2026-07-30T22:02:21.9640196+05:30" testType="13cdc9d9-ddb5-4fa4-a97d-d965ccfc6d4b" outcome="Passed" testListId="8c84fa94-04c1-424b-9868-57a2d4851a1d" relativeResultsDirectory="491b7521-6d83-4230-b47e-f1a5d6ca3c6c" />
    <UnitTestResult executionId="cb8d9a67-baff-4491-a1fe-6ed70e51a4b3" testId="3a8e92a2-9f02-54d3-a8e3-bf8920b77475" testName="KromicStore.Application.Tests.Features.Shopping.Commands.Checkout.RemoveCouponCommandHandlerTests.Handle_WithMultipleItems_CalculatesCorrectTotal" computerName="P00002" duration="00:00:00.0005656" startTime="2026-07-30T22:02:21.9666439+05:30" endTime="2026-07-30T22:02:21.9666440+05:30" testType="13cdc9d9-ddb5-4fa4-a97d-d965ccfc6d4b" outcome="Passed" testListId="8c84fa94-04c1-424b-9868-57a2d4851a1d" relativeResultsDirectory="cb8d9a67-baff-4491-a1fe-6ed70e51a4b3" />
    <UnitTestResult executionId="8299255b-9c33-4b1e-8f0e-132af80aa239" testId="96d32801-9370-df91-cc39-17bd94d62864" testName="KromicStore.Application.Tests.Features.Shopping.Commands.Checkout.RemoveCouponCommandHandlerTests.Handle_RemovesMultipleCoupons_Successfully" computerName="P00002" duration="00:00:00.0005966" startTime="2026-07-30T22:02:21.9656446+05:30" endTime="2026-07-30T22:02:21.9656446+05:30" testType="13cdc9d9-ddb5-4fa4-a97d-d965ccfc6d4b" outcome="Passed" testListId="8c84fa94-04c1-424b-9868-57a2d4851a1d" relativeResultsDirectory="8299255b-9c33-4b1e-8f0e-132af80aa239" />
  </Results>
  <TestDefinitions>
    <UnitTest name="KromicStore.Application.Tests.Features.Shopping.Commands.Checkout.UpdateShippingAddressCommandHandlerTests.Handle_CheckoutSessionFromDifferentTenant_ThrowsException" storage="c:\personal\kromicstore\backend\tests\kromicstore.application.tests\bin\debug\net8.0\kromicstore.application.tests.dll" id="43b7016a-e91d-434d-d584-5b56b1658cf3">
      <Execution id="26776ed5-0166-417f-8c15-aaa1bc468b39" />
      <TestMethod codeBase="C:\Personal\KromicStore\Backend\tests\KromicStore.Application.Tests\bin\Debug\net8.0\KromicStore.Application.Tests.dll" adapterTypeName="executor://xunit/VsTestRunner2/netcoreapp" className="KromicStore.Application.Tests.Features.Shopping.Commands.Checkout.UpdateShippingAddressCommandHandlerTests" name="Handle_CheckoutSessionFromDifferentTenant_ThrowsException" />
    </UnitTest>
    <UnitTest name="KromicStore.Application.Tests.Features.Shopping.Commands.Checkout.UpdateBillingAddressCommandHandlerTests.Handle_UpdatesBillingAddress_WithValidData" storage="c:\personal\kromicstore\backend\tests\kromicstore.application.tests\bin\debug\net8.0\kromicstore.application.tests.dll" id="d64d1c47-1b1a-483e-932d-81d2e377b20f">
      <Execution id="212a9bf1-a209-486f-9b5d-95c7998bf541" />
      <TestMethod codeBase="C:\Personal\KromicStore\Backend\tests\KromicStore.Application.Tests\bin\Debug\net8.0\KromicStore.Application.Tests.dll" adapterTypeName="executor://xunit/VsTestRunner2/netcoreapp" className="KromicStore.Application.Tests.Features.Shopping.Commands.Checkout.UpdateBillingAddressCommandHandlerTests" name="Handle_UpdatesBillingAddress_WithValidData" />
    </UnitTest>
    <UnitTest name="KromicStore.Application.Tests.Features.Shopping.Commands.Checkout.UpdateBillingAddressCommandHandlerTests.Handle_UpdatesBillingAddress_InternationalAddresses" storage="c:\personal\kromicstore\backend\tests\kromicstore.application.tests\bin\debug\net8.0\kromicstore.application.tests.dll" id="adf2c54a-0b41-68aa-5bff-bf70f2d893d0">
      <Execution id="b0817869-03d6-4837-89d4-47e069a9d802" />
      <TestMethod codeBase="C:\Personal\KromicStore\Backend\tests\KromicStore.Application.Tests\bin\Debug\net8.0\KromicStore.Application.Tests.dll" adapterTypeName="executor://xunit/VsTestRunner2/netcoreapp" className="KromicStore.Application.Tests.Features.Shopping.Commands.Checkout.UpdateBillingAddressCommandHandlerTests" name="Handle_UpdatesBillingAddress_InternationalAddresses" />
    </UnitTest>
    <UnitTest name="KromicStore.Application.Tests.Features.Shopping.Commands.Checkout.PlaceOrderCommandHandlerTests.Handle_GeneratesOrderNumber" storage="c:\personal\kromicstore\backend\tests\kromicstore.application.tests\bin\debug\net8.0\kromicstore.application.tests.dll" id="2acf57a5-fb19-ff31-3a1d-183871286d9c">
      <Execution id="43db8e32-2609-4f32-80cc-91acfcfd1b21" />
      <TestMethod codeBase="C:\Personal\KromicStore\Backend\tests\KromicStore.Application.Tests\bin\Debug\net8.0\KromicStore.Application.Tests.dll" adapterTypeName="executor://xunit/VsTestRunner2/netcoreapp" className="KromicStore.Application.Tests.Features.Shopping.Commands.Checkout.PlaceOrderCommandHandlerTests" name="Handle_GeneratesOrderNumber" />
    </UnitTest>
    <UnitTest name="KromicStore.Application.Tests.Features.Shopping.Commands.Checkout.SelectShippingMethodCommandHandlerTests.Handle_CheckoutSessionFromDifferentTenant_ThrowsException" storage="c:\personal\kromicstore\backend\tests\kromicstore.application.tests\bin\debug\net8.0\kromicstore.application.tests.dll" id="313169ad-759b-7675-73e9-1692784b1d7e">
      <Execution id="7b4be79a-cf03-4c2b-8828-96641821a91f" />
      <TestMethod codeBase="C:\Personal\KromicStore\Backend\tests\KromicStore.Application.Tests\bin\Debug\net8.0\KromicStore.Application.Tests.dll" adapterTypeName="executor://xunit/VsTestRunner2/netcoreapp" className="KromicStore.Application.Tests.Features.Shopping.Commands.Checkout.SelectShippingMethodCommandHandlerTests" name="Handle_CheckoutSessionFromDifferentTenant_ThrowsException" />
    </UnitTest>
    <UnitTest name="KromicStore.Application.Tests.Features.Shopping.Commands.Checkout.CreateCheckoutSessionCommandHandlerTests.Handle_NullTenantContext_ThrowsException" storage="c:\personal\kromicstore\backend\tests\kromicstore.application.tests\bin\debug\net8.0\kromicstore.application.tests.dll" id="b51c00ff-c6f0-96b5-fb37-cd1a847c0330">
      <Execution id="5b91fc17-cf85-4122-b04f-c77441acbe4e" />
      <TestMethod codeBase="C:\Personal\KromicStore\Backend\tests\KromicStore.Application.Tests\bin\Debug\net8.0\KromicStore.Application.Tests.dll" adapterTypeName="executor://xunit/VsTestRunner2/netcoreapp" className="KromicStore.Application.Tests.Features.Shopping.Commands.Checkout.CreateCheckoutSessionCommandHandlerTests" name="Handle_NullTenantContext_ThrowsException" />
    </UnitTest>
    <UnitTest name="KromicStore.Application.Tests.Features.Shopping.Commands.Checkout.SelectShippingMethodCommandHandlerTests.Handle_WithHighShippingCost_MaintainsPrecision" storage="c:\personal\kromicstore\backend\tests\kromicstore.application.tests\bin\debug\net8.0\kromicstore.application.tests.dll" id="eb607deb-356a-d8b5-f2d8-69484939a370">
      <Execution id="a08ba1b9-b212-4bdf-97dd-f867e4371c3d" />
      <TestMethod codeBase="C:\Personal\KromicStore\Backend\tests\KromicStore.Application.Tests\bin\Debug\net8.0\KromicStore.Application.Tests.dll" adapterTypeName="executor://xunit/VsTestRunner2/netcoreapp" className="KromicStore.Application.Tests.Features.Shopping.Commands.Checkout.SelectShippingMethodCommandHandlerTests" name="Handle_WithHighShippingCost_MaintainsPrecision" />
    </UnitTest>
    <UnitTest name="KromicStore.Application.Tests.Features.Shopping.Commands.Checkout.CreateCheckoutSessionCommandHandlerTests.Handle_WithManyItems_CreatesCheckoutSuccessfully" storage="c:\personal\kromicstore\backend\tests\kromicstore.application.tests\bin\debug\net8.0\kromicstore.application.tests.dll" id="59ae39be-5ffd-6f6c-9fbf-99b279196faa">
      <Execution id="9ba1b9d1-37fa-4238-9e91-eff91ced36cb" />
      <TestMethod codeBase="C:\Personal\KromicStore\Backend\tests\KromicStore.Application.Tests\bin\Debug\net8.0\KromicStore.Application.Tests.dll" adapterTypeName="executor://xunit/VsTestRunner2/netcoreapp" className="KromicStore.Application.Tests.Features.Shopping.Commands.Checkout.CreateCheckoutSessionCommandHandlerTests" name="Handle_WithManyItems_CreatesCheckoutSuccessfully" />
    </UnitTest>
    <UnitTest name="KromicStore.Application.Tests.Features.Shopping.Commands.Checkout.CreateCheckoutSessionCommandHandlerTests.Handle_CreatesCheckoutSession_WithMultipleItems" storage="c:\personal\kromicstore\backend\tests\kromicstore.application.tests\bin\debug\net8.0\kromicstore.application.tests.dll" id="5ab76e10-66f1-4e89-5034-937ae7d309fa">
      <Execution id="a5f66244-d01b-4d3a-8d39-a9ce9992ac53" />
      <TestMethod codeBase="C:\Personal\KromicStore\Backend\tests\KromicStore.Application.Tests\bin\Debug\net8.0\KromicStore.Application.Tests.dll" adapterTypeName="executor://xunit/VsTestRunner2/netcoreapp" className="KromicStore.Application.Tests.Features.Shopping.Commands.Checkout.CreateCheckoutSessionCommandHandlerTests" name="Handle_CreatesCheckoutSession_WithMultipleItems" />
    </UnitTest>
    <UnitTest name="KromicStore.Application.Tests.Features.Shopping.Commands.Checkout.UpdateBillingAddressCommandHandlerTests.Handle_UpdatesBillingAddress_MultipleAddressFormats" storage="c:\personal\kromicstore\backend\tests\kromicstore.application.tests\bin\debug\net8.0\kromicstore.application.tests.dll" id="4217257b-6c81-802c-645b-87509db7d52b">
      <Execution id="67240abb-a7e5-437d-ae95-5387000d339b" />
      <TestMethod codeBase="C:\Personal\KromicStore\Backend\tests\KromicStore.Application.Tests\bin\Debug\net8.0\KromicStore.Application.Tests.dll" adapterTypeName="executor://xunit/VsTestRunner2/netcoreapp" className="KromicStore.Application.Tests.Features.Shopping.Commands.Checkout.UpdateBillingAddressCommandHandlerTests" name="Handle_UpdatesBillingAddress_MultipleAddressFormats" />
    </UnitTest>
    <UnitTest name="KromicStore.Application.Tests.Features.Shopping.Commands.Checkout.UpdateShippingAddressCommandHandlerTests.Handle_SavesChanges" storage="c:\personal\kromicstore\backend\tests\kromicstore.application.tests\bin\debug\net8.0\kromicstore.application.tests.dll" id="25109b0d-f95f-5e50-2dcf-d14de1c51b02">
      <Execution id="c23081e5-cfe3-4346-bd1c-4d0d9d351676" />
      <TestMethod codeBase="C:\Personal\KromicStore\Backend\tests\KromicStore.Application.Tests\bin\Debug\net8.0\KromicStore.Application.Tests.dll" adapterTypeName="executor://xunit/VsTestRunner2/netcoreapp" className="KromicStore.Application.Tests.Features.Shopping.Commands.Checkout.UpdateShippingAddressCommandHandlerTests" name="Handle_SavesChanges" />
    </UnitTest>
    <UnitTest name="KromicStore.Application.Tests.Features.Shopping.Commands.Checkout.ApplyCouponCommandHandlerTests.Handle_NullTenantContext_ThrowsException" storage="c:\personal\kromicstore\backend\tests\kromicstore.application.tests\bin\debug\net8.0\kromicstore.application.tests.dll" id="6584008f-55a6-5c8e-a8bf-37fbc35eec41">
      <Execution id="5d614d9b-f297-4cda-9d0b-d2229cf181a3" />
      <TestMethod codeBase="C:\Personal\KromicStore\Backend\tests\KromicStore.Application.Tests\bin\Debug\net8.0\KromicStore.Application.Tests.dll" adapterTypeName="executor://xunit/VsTestRunner2/netcoreapp" className="KromicStore.Application.Tests.Features.Shopping.Commands.Checkout.ApplyCouponCommandHandlerTests" name="Handle_NullTenantContext_ThrowsException" />
    </UnitTest>
    <UnitTest name="KromicStore.Application.Tests.Features.Shopping.Commands.Checkout.PlaceOrderCommandHandlerTests.Handle_Response_ContainsOrderDetails" storage="c:\personal\kromicstore\backend\tests\kromicstore.application.tests\bin\debug\net8.0\kromicstore.application.tests.dll" id="827345ad-b1a5-55f8-a1d5-d8a89f91b622">
      <Execution id="4707a987-ec5d-4b27-81c6-923c61465054" />
      <TestMethod codeBase="C:\Personal\KromicStore\Backend\tests\KromicStore.Application.Tests\bin\Debug\net8.0\KromicStore.Application.Tests.dll" adapterTypeName="executor://xunit/VsTestRunner2/netcoreapp" className="KromicStore.Application.Tests.Features.Shopping.Commands.Checkout.PlaceOrderCommandHandlerTests" name="Handle_Response_ContainsOrderDetails" />
    </UnitTest>
    <UnitTest name="KromicStore.Application.Tests.Features.Shopping.Commands.Checkout.UpdateBillingAddressCommandHandlerTests.Handle_FullAddress_IncludesAllComponents" storage="c:\personal\kromicstore\backend\tests\kromicstore.application.tests\bin\debug\net8.0\kromicstore.application.tests.dll" id="c8e0beba-37d6-194f-a63b-5879dbba499e">
      <Execution id="a0467dee-da61-49cf-a1b7-92a7734fab40" />
      <TestMethod codeBase="C:\Personal\KromicStore\Backend\tests\KromicStore.Application.Tests\bin\Debug\net8.0\KromicStore.Application.Tests.dll" adapterTypeName="executor://xunit/VsTestRunner2/netcoreapp" className="KromicStore.Application.Tests.Features.Shopping.Commands.Checkout.UpdateBillingAddressCommandHandlerTests" name="Handle_FullAddress_IncludesAllComponents" />
    </UnitTest>
    <UnitTest name="KromicStore.Application.Tests.Features.Shopping.Commands.Checkout.CreateCheckoutSessionCommandHandlerTests.Handle_CartNotFound_ThrowsException" storage="c:\personal\kromicstore\backend\tests\kromicstore.application.tests\bin\debug\net8.0\kromicstore.application.tests.dll" id="928db0f8-11b4-cd61-78a4-2baa2a36fc33">
      <Execution id="376b9d39-cd57-4f90-a1b9-bd1194d3edac" />
      <TestMethod codeBase="C:\Personal\KromicStore\Backend\tests\KromicStore.Application.Tests\bin\Debug\net8.0\KromicStore.Application.Tests.dll" adapterTypeName="executor://xunit/VsTestRunner2/netcoreapp" className="KromicStore.Application.Tests.Features.Shopping.Commands.Checkout.CreateCheckoutSessionCommandHandlerTests" name="Handle_CartNotFound_ThrowsException" />
    </UnitTest>
    <UnitTest name="KromicStore.Application.Tests.Features.Shopping.Commands.Checkout.ApplyCouponCommandHandlerTests.Handle_Response_ContainsCouponCode" storage="c:\personal\kromicstore\backend\tests\kromicstore.application.tests\bin\debug\net8.0\kromicstore.application.tests.dll" id="33f3e512-6dc6-ff65-6ad8-75502d1ba62a">
      <Execution id="222d00d4-057d-49a9-86b0-8c0caa3112b1" />
      <TestMethod codeBase="C:\Personal\KromicStore\Backend\tests\KromicStore.Application.Tests\bin\Debug\net8.0\KromicStore.Application.Tests.dll" adapterTypeName="executor://xunit/VsTestRunner2/netcoreapp" className="KromicStore.Application.Tests.Features.Shopping.Commands.Checkout.ApplyCouponCommandHandlerTests" name="Handle_Response_ContainsCouponCode" />
    </UnitTest>
    <UnitTest name="KromicStore.Application.Tests.Features.Shopping.Commands.Checkout.RemoveCouponCommandHandlerTests.Handle_RemoveCoupon_WhenNoCouponApplied_ReturnsFalse" storage="c:\personal\kromicstore\backend\tests\kromicstore.application.tests\bin\debug\net8.0\kromicstore.application.tests.dll" id="4b842077-852a-f6f9-18ab-f546b9b58004">
      <Execution id="84fb87ca-4e25-42b5-9958-80d6523351e5" />
      <TestMethod codeBase="C:\Personal\KromicStore\Backend\tests\KromicStore.Application.Tests\bin\Debug\net8.0\KromicStore.Application.Tests.dll" adapterTypeName="executor://xunit/VsTestRunner2/netcoreapp" className="KromicStore.Application.Tests.Features.Shopping.Commands.Checkout.RemoveCouponCommandHandlerTests" name="Handle_RemoveCoupon_WhenNoCouponApplied_ReturnsFalse" />
    </UnitTest>
    <UnitTest name="KromicStore.Application.Tests.Features.Shopping.Commands.Checkout.UpdateShippingAddressCommandHandlerTests.Handle_Response_AlwaysReturnsTrue_ForShippingAddressUpdated" storage="c:\personal\kromicstore\backend\tests\kromicstore.application.tests\bin\debug\net8.0\kromicstore.application.tests.dll" id="cae223f4-cf89-7d03-8c99-a05b662816de">
      <Execution id="ed201bb9-09d1-4db7-b95e-96336425c78c" />
      <TestMethod codeBase="C:\Personal\KromicStore\Backend\tests\KromicStore.Application.Tests\bin\Debug\net8.0\KromicStore.Application.Tests.dll" adapterTypeName="executor://xunit/VsTestRunner2/netcoreapp" className="KromicStore.Application.Tests.Features.Shopping.Commands.Checkout.UpdateShippingAddressCommandHandlerTests" name="Handle_Response_AlwaysReturnsTrue_ForShippingAddressUpdated" />
    </UnitTest>
    <UnitTest name="KromicStore.Application.Tests.Features.Shopping.Commands.Checkout.CreateCheckoutSessionCommandHandlerTests.Handle_CallsRepository_Add" storage="c:\personal\kromicstore\backend\tests\kromicstore.application.tests\bin\debug\net8.0\kromicstore.application.tests.dll" id="876eb615-9841-5709-1bae-e44061abbfcb">
      <Execution id="bc8dc140-69c6-42eb-8510-a4bea1a3080a" />
      <TestMethod codeBase="C:\Personal\KromicStore\Backend\tests\KromicStore.Application.Tests\bin\Debug\net8.0\KromicStore.Application.Tests.dll" adapterTypeName="executor://xunit/VsTestRunner2/netcoreapp" className="KromicStore.Application.Tests.Features.Shopping.Commands.Checkout.CreateCheckoutSessionCommandHandlerTests" name="Handle_CallsRepository_Add" />
    </UnitTest>
    <UnitTest name="KromicStore.Application.Tests.Features.Shopping.Commands.Checkout.UpdateBillingAddressCommandHandlerTests.Handle_Response_HasCorrectCheckoutSessionId" storage="c:\personal\kromicstore\backend\tests\kromicstore.application.tests\bin\debug\net8.0\kromicstore.application.tests.dll" id="cae43084-3012-41e1-ae9a-839d460af0e8">
      <Execution id="2f405b4e-211e-42db-ad32-c982fea9bf42" />
      <TestMethod codeBase="C:\Personal\KromicStore\Backend\tests\KromicStore.Application.Tests\bin\Debug\net8.0\KromicStore.Application.Tests.dll" adapterTypeName="executor://xunit/VsTestRunner2/netcoreapp" className="KromicStore.Application.Tests.Features.Shopping.Commands.Checkout.UpdateBillingAddressCommandHandlerTests" name="Handle_Response_HasCorrectCheckoutSessionId" />
    </UnitTest>
    <UnitTest name="KromicStore.Application.Tests.Features.Shopping.Commands.Checkout.SelectShippingMethodCommandHandlerTests.Handle_CheckoutSessionNotFound_ThrowsException" storage="c:\personal\kromicstore\backend\tests\kromicstore.application.tests\bin\debug\net8.0\kromicstore.application.tests.dll" id="b06e9e5d-c1d3-c1c4-8bda-2ca74a783193">
      <Execution id="d65e9c17-7f8f-4635-a1be-9fc760079f10" />
      <TestMethod codeBase="C:\Personal\KromicStore\Backend\tests\KromicStore.Application.Tests\bin\Debug\net8.0\KromicStore.Application.Tests.dll" adapterTypeName="executor://xunit/VsTestRunner2/netcoreapp" className="KromicStore.Application.Tests.Features.Shopping.Commands.Checkout.SelectShippingMethodCommandHandlerTests" name="Handle_CheckoutSessionNotFound_ThrowsException" />
    </UnitTest>
    <UnitTest name="KromicStore.Application.Tests.Features.Shopping.Commands.Checkout.UpdateBillingAddressCommandHandlerTests.Handle_Response_AlwaysReturnsTrue_ForBillingAddressUpdated" storage="c:\personal\kromicstore\backend\tests\kromicstore.application.tests\bin\debug\net8.0\kromicstore.application.tests.dll" id="63f6e19a-cfbe-b69b-50b0-2162be0adcf1">
      <Execution id="0245e183-2034-4079-b0bb-4e3bc2226908" />
      <TestMethod codeBase="C:\Personal\KromicStore\Backend\tests\KromicStore.Application.Tests\bin\Debug\net8.0\KromicStore.Application.Tests.dll" adapterTypeName="executor://xunit/VsTestRunner2/netcoreapp" className="KromicStore.Application.Tests.Features.Shopping.Commands.Checkout.UpdateBillingAddressCommandHandlerTests" name="Handle_Response_AlwaysReturnsTrue_ForBillingAddressUpdated" />
    </UnitTest>
    <UnitTest name="KromicStore.Application.Tests.Features.Shopping.Commands.Checkout.SelectShippingMethodCommandHandlerTests.Handle_ShippingAddressNotSet_ThrowsException" storage="c:\personal\kromicstore\backend\tests\kromicstore.application.tests\bin\debug\net8.0\kromicstore.application.tests.dll" id="e1f44fe1-05e5-58bd-3df3-a49a65e63036">
      <Execution id="6bd40f69-1d89-49aa-bfba-223804d5ca9e" />
      <TestMethod codeBase="C:\Personal\KromicStore\Backend\tests\KromicStore.Application.Tests\bin\Debug\net8.0\KromicStore.Application.Tests.dll" adapterTypeName="executor://xunit/VsTestRunner2/netcoreapp" className="KromicStore.Application.Tests.Features.Shopping.Commands.Checkout.SelectShippingMethodCommandHandlerTests" name="Handle_ShippingAddressNotSet_ThrowsException" />
    </UnitTest>
    <UnitTest name="KromicStore.Application.Tests.Features.Shopping.Commands.Checkout.PlaceOrderCommandHandlerTests.Handle_CheckoutNotInAwaitingPaymentState_ThrowsException" storage="c:\personal\kromicstore\backend\tests\kromicstore.application.tests\bin\debug\net8.0\kromicstore.application.tests.dll" id="9dbf6a05-f8be-6eb6-78f8-6d861f898012">
      <Execution id="058242f4-8b40-41bc-99e6-b9ec94df8200" />
      <TestMethod codeBase="C:\Personal\KromicStore\Backend\tests\KromicStore.Application.Tests\bin\Debug\net8.0\KromicStore.Application.Tests.dll" adapterTypeName="executor://xunit/VsTestRunner2/netcoreapp" className="KromicStore.Application.Tests.Features.Shopping.Commands.Checkout.PlaceOrderCommandHandlerTests" name="Handle_CheckoutNotInAwaitingPaymentState_ThrowsException" />
    </UnitTest>
    <UnitTest name="KromicStore.Application.Tests.Features.Shopping.Commands.Checkout.SelectShippingMethodCommandHandlerTests.Handle_CalculatesCorrectTotal_WithShippingCost" storage="c:\personal\kromicstore\backend\tests\kromicstore.application.tests\bin\debug\net8.0\kromicstore.application.tests.dll" id="787b0a05-00dd-8327-b275-64cd8040bc54">
      <Execution id="2759f592-42a2-40a7-8fdb-a1cecd858732" />
      <TestMethod codeBase="C:\Personal\KromicStore\Backend\tests\KromicStore.Application.Tests\bin\Debug\net8.0\KromicStore.Application.Tests.dll" adapterTypeName="executor://xunit/VsTestRunner2/netcoreapp" className="KromicStore.Application.Tests.Features.Shopping.Commands.Checkout.SelectShippingMethodCommandHandlerTests" name="Handle_CalculatesCorrectTotal_WithShippingCost" />
    </UnitTest>
    <UnitTest name="KromicStore.Application.Tests.Features.Shopping.Commands.Checkout.ApplyCouponCommandHandlerTests.Handle_DifferentTenant_ThrowsException" storage="c:\personal\kromicstore\backend\tests\kromicstore.application.tests\bin\debug\net8.0\kromicstore.application.tests.dll" id="497b967c-6a97-8ee3-635a-b2a9888b2abc">
      <Execution id="57956336-3219-4b73-8a46-41ed0a55fad7" />
      <TestMethod codeBase="C:\Personal\KromicStore\Backend\tests\KromicStore.Application.Tests\bin\Debug\net8.0\KromicStore.Application.Tests.dll" adapterTypeName="executor://xunit/VsTestRunner2/netcoreapp" className="KromicStore.Application.Tests.Features.Shopping.Commands.Checkout.ApplyCouponCommandHandlerTests" name="Handle_DifferentTenant_ThrowsException" />
    </UnitTest>
    <UnitTest name="KromicStore.Application.Tests.Features.Shopping.Commands.Checkout.UpdateShippingAddressCommandHandlerTests.Handle_CheckoutSessionNotFound_ThrowsException" storage="c:\personal\kromicstore\backend\tests\kromicstore.application.tests\bin\debug\net8.0\kromicstore.application.tests.dll" id="0cdd28e6-d1cb-679b-65d5-f5472dcc3b96">
      <Execution id="12202511-98ef-4b6e-8b50-83b59b2a3559" />
      <TestMethod codeBase="C:\Personal\KromicStore\Backend\tests\KromicStore.Application.Tests\bin\Debug\net8.0\KromicStore.Application.Tests.dll" adapterTypeName="executor://xunit/VsTestRunner2/netcoreapp" className="KromicStore.Application.Tests.Features.Shopping.Commands.Checkout.UpdateShippingAddressCommandHandlerTests" name="Handle_CheckoutSessionNotFound_ThrowsException" />
    </UnitTest>
    <UnitTest name="KromicStore.Application.Tests.Features.Shopping.Commands.Checkout.PlaceOrderCommandHandlerTests.Handle_WithComplexOrder_MaintainsPrecision" storage="c:\personal\kromicstore\backend\tests\kromicstore.application.tests\bin\debug\net8.0\kromicstore.application.tests.dll" id="ad1bd56f-a067-a918-b5dc-24eb4dcaee73">
      <Execution id="3f97c61c-863d-4158-9f7e-3080c61ec2e6" />
      <TestMethod codeBase="C:\Personal\KromicStore\Backend\tests\KromicStore.Application.Tests\bin\Debug\net8.0\KromicStore.Application.Tests.dll" adapterTypeName="executor://xunit/VsTestRunner2/netcoreapp" className="KromicStore.Application.Tests.Features.Shopping.Commands.Checkout.PlaceOrderCommandHandlerTests" name="Handle_WithComplexOrder_MaintainsPrecision" />
    </UnitTest>
    <UnitTest name="KromicStore.Application.Tests.Features.Shopping.Commands.Checkout.CreateCheckoutSessionCommandHandlerTests.Handle_Response_HasCreatedOnUtc" storage="c:\personal\kromicstore\backend\tests\kromicstore.application.tests\bin\debug\net8.0\kromicstore.application.tests.dll" id="879393f3-858e-9603-0b0e-ca654688f7d5">
      <Execution id="fa96f87f-05d8-4f20-9876-b137e64106da" />
      <TestMethod codeBase="C:\Personal\KromicStore\Backend\tests\KromicStore.Application.Tests\bin\Debug\net8.0\KromicStore.Application.Tests.dll" adapterTypeName="executor://xunit/VsTestRunner2/netcoreapp" className="KromicStore.Application.Tests.Features.Shopping.Commands.Checkout.CreateCheckoutSessionCommandHandlerTests" name="Handle_Response_HasCreatedOnUtc" />
    </UnitTest>
    <UnitTest name="KromicStore.Application.Tests.Features.Shopping.Commands.Checkout.RemoveCouponCommandHandlerTests.Handle_RemovesCoupon_WhenApplied" storage="c:\personal\kromicstore\backend\tests\kromicstore.application.tests\bin\debug\net8.0\kromicstore.application.tests.dll" id="4f1e24d2-fb27-f66e-4ade-e557f850fc1e">
      <Execution id="774c24c6-7fc2-4979-86a1-b889c38bd364" />
      <TestMethod codeBase="C:\Personal\KromicStore\Backend\tests\KromicStore.Application.Tests\bin\Debug\net8.0\KromicStore.Application.Tests.dll" adapterTypeName="executor://xunit/VsTestRunner2/netcoreapp" className="KromicStore.Application.Tests.Features.Shopping.Commands.Checkout.RemoveCouponCommandHandlerTests" name="Handle_RemovesCoupon_WhenApplied" />
    </UnitTest>
    <UnitTest name="KromicStore.Application.Tests.Features.Shopping.Commands.Checkout.ApplyCouponCommandHandlerTests.Handle_CheckoutSessionNotFound_ThrowsException" storage="c:\personal\kromicstore\backend\tests\kromicstore.application.tests\bin\debug\net8.0\kromicstore.application.tests.dll" id="ee4cf1d1-6a66-2fe4-e186-e592b7bce33b">
      <Execution id="301d67ef-142e-421a-95aa-97eb9b92bdad" />
      <TestMethod codeBase="C:\Personal\KromicStore\Backend\tests\KromicStore.Application.Tests\bin\Debug\net8.0\KromicStore.Application.Tests.dll" adapterTypeName="executor://xunit/VsTestRunner2/netcoreapp" className="KromicStore.Application.Tests.Features.Shopping.Commands.Checkout.ApplyCouponCommandHandlerTests" name="Handle_CheckoutSessionNotFound_ThrowsException" />
    </UnitTest>
    <UnitTest name="KromicStore.Application.Tests.Features.Shopping.Commands.Checkout.UpdateBillingAddressCommandHandlerTests.Handle_NullTenantContext_ThrowsException" storage="c:\personal\kromicstore\backend\tests\kromicstore.application.tests\bin\debug\net8.0\kromicstore.application.tests.dll" id="be6e715f-a088-55f2-f9e1-365c03cc2491">
      <Execution id="54a229ec-a79d-4563-8c2a-ac97347abe64" />
      <TestMethod codeBase="C:\Personal\KromicStore\Backend\tests\KromicStore.Application.Tests\bin\Debug\net8.0\KromicStore.Application.Tests.dll" adapterTypeName="executor://xunit/VsTestRunner2/netcoreapp" className="KromicStore.Application.Tests.Features.Shopping.Commands.Checkout.UpdateBillingAddressCommandHandlerTests" name="Handle_NullTenantContext_ThrowsException" />
    </UnitTest>
    <UnitTest name="KromicStore.Application.Tests.Features.Shopping.Commands.Checkout.PlaceOrderCommandHandlerTests.Handle_Response_HasCorrectCreatedOnUtc" storage="c:\personal\kromicstore\backend\tests\kromicstore.application.tests\bin\debug\net8.0\kromicstore.application.tests.dll" id="731c8df6-a0b7-997a-bea7-c2272a8bfe00">
      <Execution id="3d78b9c2-31c1-430c-8066-2e7918eb40b9" />
      <TestMethod codeBase="C:\Personal\KromicStore\Backend\tests\KromicStore.Application.Tests\bin\Debug\net8.0\KromicStore.Application.Tests.dll" adapterTypeName="executor://xunit/VsTestRunner2/netcoreapp" className="KromicStore.Application.Tests.Features.Shopping.Commands.Checkout.PlaceOrderCommandHandlerTests" name="Handle_Response_HasCorrectCreatedOnUtc" />
    </UnitTest>
    <UnitTest name="KromicStore.Application.Tests.Features.Shopping.Commands.Checkout.UpdateShippingAddressCommandHandlerTests.Handle_NullTenantContext_ThrowsException" storage="c:\personal\kromicstore\backend\tests\kromicstore.application.tests\bin\debug\net8.0\kromicstore.application.tests.dll" id="b1fb0756-8f20-5854-ea79-e99485485876">
      <Execution id="9c4880dc-3468-4186-9483-311a7d9bab1e" />
      <TestMethod codeBase="C:\Personal\KromicStore\Backend\tests\KromicStore.Application.Tests\bin\Debug\net8.0\KromicStore.Application.Tests.dll" adapterTypeName="executor://xunit/VsTestRunner2/netcoreapp" className="KromicStore.Application.Tests.Features.Shopping.Commands.Checkout.UpdateShippingAddressCommandHandlerTests" name="Handle_NullTenantContext_ThrowsException" />
    </UnitTest>
    <UnitTest name="KromicStore.Application.Tests.Features.Shopping.Commands.Checkout.SelectShippingMethodCommandHandlerTests.Handle_SelectsMultipleShippingMethods" storage="c:\personal\kromicstore\backend\tests\kromicstore.application.tests\bin\debug\net8.0\kromicstore.application.tests.dll" id="c7ff35f1-0eec-f48f-88e0-83ca1831ef33">
      <Execution id="5833d858-3689-49c4-919e-51ab78edc878" />
      <TestMethod codeBase="C:\Personal\KromicStore\Backend\tests\KromicStore.Application.Tests\bin\Debug\net8.0\KromicStore.Application.Tests.dll" adapterTypeName="executor://xunit/VsTestRunner2/netcoreapp" className="KromicStore.Application.Tests.Features.Shopping.Commands.Checkout.SelectShippingMethodCommandHandlerTests" name="Handle_SelectsMultipleShippingMethods" />
    </UnitTest>
[...]
    </UnitTest>
    <UnitTest name="KromicStore.Application.Tests.Features.Shopping.Commands.Checkout.SelectShippingMethodCommandHandlerTests.Handle_SelectsShippingMethod_WithValidData" storage="c:\personal\kromicstore\backend\tests\kromicstore.application.tests\bin\debug\net8.0\kromicstore.application.tests.dll" id="93530b3c-b9e6-a697-a8dd-13be35803b0b">
      <Execution id="9aa44711-e393-44ba-9e87-adea877696eb" />
      <TestMethod codeBase="C:\Personal\KromicStore\Backend\tests\KromicStore.Application.Tests\bin\Debug\net8.0\KromicStore.Application.Tests.dll" adapterTypeName="executor://xunit/VsTestRunner2/netcoreapp" className="KromicStore.Application.Tests.Features.Shopping.Commands.Checkout.SelectShippingMethodCommandHandlerTests" name="Handle_SelectsShippingMethod_WithValidData" />
    </UnitTest>
    <UnitTest name="KromicStore.Application.Tests.Features.Shopping.Commands.Checkout.RemoveCouponCommandHandlerTests.Handle_RestoresFullPrice_AfterCouponRemoval" storage="c:\personal\kromicstore\backend\tests\kromicstore.application.tests\bin\debug\net8.0\kromicstore.application.tests.dll" id="d32889ad-34aa-9cb4-5a44-79ab88bb1d67">
      <Execution id="c3552fce-e988-47cc-af64-666f955d4fc4" />
      <TestMethod codeBase="C:\Personal\KromicStore\Backend\tests\KromicStore.Application.Tests\bin\Debug\net8.0\KromicStore.Application.Tests.dll" adapterTypeName="executor://xunit/VsTestRunner2/netcoreapp" className="KromicStore.Application.Tests.Features.Shopping.Commands.Checkout.RemoveCouponCommandHandlerTests" name="Handle_RestoresFullPrice_AfterCouponRemoval" />
    </UnitTest>
    <UnitTest name="KromicStore.Application.Tests.Features.Shopping.Commands.Checkout.ApplyCouponCommandHandlerTests.Handle_WithHighValue_MaintainsPrecision" storage="c:\personal\kromicstore\backend\tests\kromicstore.application.tests\bin\debug\net8.0\kromicstore.application.tests.dll" id="5333d00b-5108-d966-0dab-3118778fcd53">
      <Execution id="9a597cac-48fb-4f1d-a00d-7c72b165a55f" />
      <TestMethod codeBase="C:\Personal\KromicStore\Backend\tests\KromicStore.Application.Tests\bin\Debug\net8.0\KromicStore.Application.Tests.dll" adapterTypeName="executor://xunit/VsTestRunner2/netcoreapp" className="KromicStore.Application.Tests.Features.Shopping.Commands.Checkout.ApplyCouponCommandHandlerTests" name="Handle_WithHighValue_MaintainsPrecision" />
    </UnitTest>
    <UnitTest name="KromicStore.Application.Tests.Features.Shopping.Commands.Checkout.SelectShippingMethodCommandHandlerTests.Handle_CalculatesCorrectTotal_WithComplexCart" storage="c:\personal\kromicstore\backend\tests\kromicstore.application.tests\bin\debug\net8.0\kromicstore.application.tests.dll" id="e20795bd-a2dc-c5f1-cb31-39e3848d9ef2">
      <Execution id="4ea2f16e-f6c6-4d22-9490-b8e9b042f97c" />
      <TestMethod codeBase="C:\Personal\KromicStore\Backend\tests\KromicStore.Application.Tests\bin\Debug\net8.0\KromicStore.Application.Tests.dll" adapterTypeName="executor://xunit/VsTestRunner2/netcoreapp" className="KromicStore.Application.Tests.Features.Shopping.Commands.Checkout.SelectShippingMethodCommandHandlerTests" name="Handle_CalculatesCorrectTotal_WithComplexCart" />
    </UnitTest>
    <UnitTest name="KromicStore.Application.Tests.Features.Shopping.Commands.Checkout.CreateCheckoutSessionCommandHandlerTests.Handle_CartFromDifferentTenant_ThrowsException" storage="c:\personal\kromicstore\backend\tests\kromicstore.application.tests\bin\debug\net8.0\kromicstore.application.tests.dll" id="3842c380-77aa-19c4-a47e-e50e0c0c8c90">
      <Execution id="04177a20-ec69-4b0e-bfe5-cdbee828c29a" />
      <TestMethod codeBase="C:\Personal\KromicStore\Backend\tests\KromicStore.Application.Tests\bin\Debug\net8.0\KromicStore.Application.Tests.dll" adapterTypeName="executor://xunit/VsTestRunner2/netcoreapp" className="KromicStore.Application.Tests.Features.Shopping.Commands.Checkout.CreateCheckoutSessionCommandHandlerTests" name="Handle_CartFromDifferentTenant_ThrowsException" />
    </UnitTest>
    <UnitTest name="KromicStore.Application.Tests.Features.Shopping.Commands.Checkout.CreateCheckoutSessionCommandHandlerTests.Handle_Response_ContainsCorrectCustomerId" storage="c:\personal\kromicstore\backend\tests\kromicstore.application.tests\bin\debug\net8.0\kromicstore.application.tests.dll" id="40d7acc3-7f81-5975-8954-eb17f0ebc33d">
      <Execution id="ab520cd3-326a-4c07-9fa3-bd5ba5578a03" />
      <TestMethod codeBase="C:\Personal\KromicStore\Backend\tests\KromicStore.Application.Tests\bin\Debug\net8.0\KromicStore.Application.Tests.dll" adapterTypeName="executor://xunit/VsTestRunner2/netcoreapp" className="KromicStore.Application.Tests.Features.Shopping.Commands.Checkout.CreateCheckoutSessionCommandHandlerTests" name="Handle_Response_ContainsCorrectCustomerId" />
    </UnitTest>
  </TestDefinitions>
  <TestEntries>
    <TestEntry testId="cae43084-3012-41e1-ae9a-839d460af0e8" executionId="2f405b4e-211e-42db-ad32-c982fea9bf42" testListId="8c84fa94-04c1-424b-9868-57a2d4851a1d" />
    <TestEntry testId="879393f3-858e-9603-0b0e-ca654688f7d5" executionId="fa96f87f-05d8-4f20-9876-b137e64106da" testListId="8c84fa94-04c1-424b-9868-57a2d4851a1d" />
    <TestEntry testId="e722a224-2221-8d7c-d323-110d260f80e4" executionId="1d12874f-5090-4f66-ab6e-12feb957a550" testListId="8c84fa94-04c1-424b-9868-57a2d4851a1d" />
    <TestEntry testId="c8e0beba-37d6-194f-a63b-5879dbba499e" executionId="a0467dee-da61-49cf-a1b7-92a7734fab40" testListId="8c84fa94-04c1-424b-9868-57a2d4851a1d" />
    <TestEntry testId="c1054fb6-b37c-697d-430b-f1921422cc10" executionId="ac21d525-2a2b-4718-979f-a793a526e489" testListId="8c84fa94-04c1-424b-9868-57a2d4851a1d" />
    <TestEntry testId="c7ff35f1-0eec-f48f-88e0-83ca1831ef33" executionId="5833d858-3689-49c4-919e-51ab78edc878" testListId="8c84fa94-04c1-424b-9868-57a2d4851a1d" />
    <TestEntry testId="63f6e19a-cfbe-b69b-50b0-2162be0adcf1" executionId="0245e183-2034-4079-b0bb-4e3bc2226908" testListId="8c84fa94-04c1-424b-9868-57a2d4851a1d" />
    <TestEntry testId="631edb32-9bc4-8ee8-b6e7-5a0be6833e08" executionId="f51f52b2-6c80-46e0-96c3-efe583809516" testListId="8c84fa94-04c1-424b-9868-57a2d4851a1d" />
    <TestEntry testId="5ab76e10-66f1-4e89-5034-937ae7d309fa" executionId="a5f66244-d01b-4d3a-8d39-a9ce9992ac53" testListId="8c84fa94-04c1-424b-9868-57a2d4851a1d" />
    <TestEntry testId="c6f66b09-6a36-088f-8f46-ca8b695e5609" executionId="864824df-8e6f-4c07-900e-6e1b3f17a0b5" testListId="8c84fa94-04c1-424b-9868-57a2d4851a1d" />
    <TestEntry testId="d4f056e2-8b98-c218-eca6-5d5488bfa26d" executionId="4763eca6-cdc1-4220-afa4-f84ea456fc76" testListId="8c84fa94-04c1-424b-9868-57a2d4851a1d" />
    <TestEntry testId="043e1e95-eead-b619-f1e2-62c5e47c347b" executionId="8f2869e6-549f-40a0-9d39-7cf91ed4710b" testListId="8c84fa94-04c1-424b-9868-57a2d4851a1d" />
    <TestEntry testId="9dbf6a05-f8be-6eb6-78f8-6d861f898012" executionId="058242f4-8b40-41bc-99e6-b9ec94df8200" testListId="8c84fa94-04c1-424b-9868-57a2d4851a1d" />
    <TestEntry testId="e62fc0ec-30f6-9315-02ab-e4bd7540d69e" executionId="f73870f3-332b-4ce6-8157-6d0dbf838950" testListId="8c84fa94-04c1-424b-9868-57a2d4851a1d" />
    <TestEntry testId="b51c00ff-c6f0-96b5-fb37-cd1a847c0330" executionId="5b91fc17-cf85-4122-b04f-c77441acbe4e" testListId="8c84fa94-04c1-424b-9868-57a2d4851a1d" />
    <TestEntry testId="92442bf4-9301-aae6-a5be-de71798989ed" executionId="9c3aee97-12b9-4b86-91fe-18d95d2c48b3" testListId="8c84fa94-04c1-424b-9868-57a2d4851a1d" />
    <TestEntry testId="67765b6a-39a9-e0c6-7c92-d55d9384ab91" executionId="74181dba-d4d6-4431-b345-a45d4e6263a8" testListId="8c84fa94-04c1-424b-9868-57a2d4851a1d" />
    <TestEntry testId="9a4bc541-9bbf-a448-2d51-6849d7f05cfd" executionId="bb2db4cc-0c3a-4b1d-ab9d-20610a87d200" testListId="8c84fa94-04c1-424b-9868-57a2d4851a1d" />
    <TestEntry testId="8ec57517-777b-5190-c582-0ad7a3627614" executionId="3ef5c6a6-b08c-47bb-aed6-c91c84cc7fa0" testListId="8c84fa94-04c1-424b-9868-57a2d4851a1d" />
    <TestEntry testId="26b8d915-6b15-485c-ca57-f8e16cb7bea5" executionId="f28aaa1a-b531-4c78-8ee7-fc55ed6c2cdf" testListId="8c84fa94-04c1-424b-9868-57a2d4851a1d" />
    <TestEntry testId="787b0a05-00dd-8327-b275-64cd8040bc54" executionId="2759f592-42a2-40a7-8fdb-a1cecd858732" testListId="8c84fa94-04c1-424b-9868-57a2d4851a1d" />
    <TestEntry testId="827345ad-b1a5-55f8-a1d5-d8a89f91b622" executionId="4707a987-ec5d-4b27-81c6-923c61465054" testListId="8c84fa94-04c1-424b-9868-57a2d4851a1d" />
    <TestEntry testId="088c9708-553e-1238-42f6-a8f065511756" executionId="3c9c0665-80b6-4c07-ba4d-3ef69c3e1787" testListId="8c84fa94-04c1-424b-9868-57a2d4851a1d" />
    <TestEntry testId="731c8df6-a0b7-997a-bea7-c2272a8bfe00" executionId="3d78b9c2-31c1-430c-8066-2e7918eb40b9" testListId="8c84fa94-04c1-424b-9868-57a2d4851a1d" />
    <TestEntry testId="5034f99f-5ecc-6a1b-e4a3-f85bbe8d755e" executionId="d8d46146-375e-4249-963a-d08413495ec9" testListId="8c84fa94-04c1-424b-9868-57a2d4851a1d" />
    <TestEntry testId="65a3ae45-652b-d28d-2ec5-ecfcf759d02a" executionId="38f9f076-08ed-4fa2-b8fb-9f3bc4360174" testListId="8c84fa94-04c1-424b-9868-57a2d4851a1d" />
    <TestEntry testId="3b87102c-c16a-3ee9-1931-9952d8a12265" executionId="824168d2-a768-4b9d-802a-8e6fe88cc4b6" testListId="8c84fa94-04c1-424b-9868-57a2d4851a1d" />
    <TestEntry testId="43b7016a-e91d-434d-d584-5b56b1658cf3" executionId="26776ed5-0166-417f-8c15-aaa1bc468b39" testListId="8c84fa94-04c1-424b-9868-57a2d4851a1d" />
    <TestEntry testId="313169ad-759b-7675-73e9-1692784b1d7e" executionId="7b4be79a-cf03-4c2b-8828-96641821a91f" testListId="8c84fa94-04c1-424b-9868-57a2d4851a1d" />
    <TestEntry testId="b8b14a1f-7416-ec2c-3881-bd70bef2e72e" executionId="e03ca259-34eb-4221-93d6-d6e02c537327" testListId="8c84fa94-04c1-424b-9868-57a2d4851a1d" />
    <TestEntry testId="5d98a634-9e0a-acef-5e7a-a5daef70125a" executionId="a0e29b05-52b9-4cbe-a7e8-96496b6e3cfd" testListId="8c84fa94-04c1-424b-9868-57a2d4851a1d" />
    <TestEntry testId="282337a4-e380-545d-dfc2-602c908abf24" executionId="a0926188-b991-418c-ad6d-5764ff4f3f20" testListId="8c84fa94-04c1-424b-9868-57a2d4851a1d" />
    <TestEntry testId="7986d530-6f53-51aa-0d32-52d622863215" executionId="d8556d59-1179-4703-9a2a-86a7a90609b0" testListId="8c84fa94-04c1-424b-9868-57a2d4851a1d" />
    <TestEntry testId="4f1e24d2-fb27-f66e-4ade-e557f850fc1e" executionId="774c24c6-7fc2-4979-86a1-b889c38bd364" testListId="8c84fa94-04c1-424b-9868-57a2d4851a1d" />
    <TestEntry testId="55b73f69-6649-f692-518c-069b13a775e0" executionId="1a2e67cb-252f-4933-a0ef-7d68aaeccd06" testListId="8c84fa94-04c1-424b-9868-57a2d4851a1d" />
    <TestEntry testId="eb607deb-356a-d8b5-f2d8-69484939a370" executionId="a08ba1b9-b212-4bdf-97dd-f867e4371c3d" testListId="8c84fa94-04c1-424b-9868-57a2d4851a1d" />
    <TestEntry testId="704b6047-97a2-9b46-bbb1-ba53d5190a94" executionId="01702e6d-4661-42c8-a604-167c176de91a" testListId="8c84fa94-04c1-424b-9868-57a2d4851a1d" />
    <TestEntry testId="060d9e43-26c8-cd0f-af74-78694fdd0959" executionId="b99a55f9-2804-4fac-8401-83cdcc9b5554" testListId="8c84fa94-04c1-424b-9868-57a2d4851a1d" />
    <TestEntry testId="b1fb0756-8f20-5854-ea79-e99485485876" executionId="9c4880dc-3468-4186-9483-311a7d9bab1e" testListId="8c84fa94-04c1-424b-9868-57a2d4851a1d" />
    <TestEntry testId="928db0f8-11b4-cd61-78a4-2baa2a36fc33" executionId="376b9d39-cd57-4f90-a1b9-bd1194d3edac" testListId="8c84fa94-04c1-424b-9868-57a2d4851a1d" />
    <TestEntry testId="3dfcd017-bd4e-8992-e593-a47783523449" executionId="13ce411d-208b-439a-84c5-33a4ec62e10e" testListId="8c84fa94-04c1-424b-9868-57a2d4851a1d" />
    <TestEntry testId="2acf57a5-fb19-ff31-3a1d-183871286d9c" executionId="43db8e32-2609-4f32-80cc-91acfcfd1b21" testListId="8c84fa94-04c1-424b-9868-57a2d4851a1d" />
    <TestEntry testId="497b967c-6a97-8ee3-635a-b2a9888b2abc" executionId="57956336-3219-4b73-8a46-41ed0a55fad7" testListId="8c84fa94-04c1-424b-9868-57a2d4851a1d" />
    <TestEntry testId="9efa67db-8209-afb6-f07a-147e17f0dde2" executionId="e51789fa-9a96-4eb9-9ddd-26f91ff69864" testListId="8c84fa94-04c1-424b-9868-57a2d4851a1d" />
    <TestEntry testId="40d7acc3-7f81-5975-8954-eb17f0ebc33d" executionId="ab520cd3-326a-4c07-9fa3-bd5ba5578a03" testListId="8c84fa94-04c1-424b-9868-57a2d4851a1d" />
    <TestEntry testId="e1f44fe1-05e5-58bd-3df3-a49a65e63036" executionId="6bd40f69-1d89-49aa-bfba-223804d5ca9e" testListId="8c84fa94-04c1-424b-9868-57a2d4851a1d" />
    <TestEntry testId="21204fcb-6291-30a4-0169-7d5a031e5277" executionId="3a7d873e-515a-405b-931d-2b91cb1f5759" testListId="8c84fa94-04c1-424b-9868-57a2d4851a1d" />
    <TestEntry testId="4217257b-6c81-802c-645b-87509db7d52b" executionId="67240abb-a7e5-437d-ae95-5387000d339b" testListId="8c84fa94-04c1-424b-9868-57a2d4851a1d" />
    <TestEntry testId="d32889ad-34aa-9cb4-5a44-79ab88bb1d67" executionId="c3552fce-e988-47cc-af64-666f955d4fc4" testListId="8c84fa94-04c1-424b-9868-57a2d4851a1d" />
    <TestEntry testId="876eb615-9841-5709-1bae-e44061abbfcb" executionId="bc8dc140-69c6-42eb-8510-a4bea1a3080a" testListId="8c84fa94-04c1-424b-9868-57a2d4851a1d" />
    <TestEntry testId="d357eb0a-d701-211e-ea30-8144e19f7059" executionId="fad93dd9-a692-403f-b745-f0d4bc38f5b2" testListId="8c84fa94-04c1-424b-9868-57a2d4851a1d" />
    <TestEntry testId="25109b0d-f95f-5e50-2dcf-d14de1c51b02" executionId="c23081e5-cfe3-4346-bd1c-4d0d9d351676" testListId="8c84fa94-04c1-424b-9868-57a2d4851a1d" />
    <TestEntry testId="f05bf68a-1608-180c-c4b0-e2006a81ce06" executionId="14103282-edcc-4274-b126-a45093549ffe" testListId="8c84fa94-04c1-424b-9868-57a2d4851a1d" />
    <TestEntry testId="d64d1c47-1b1a-483e-932d-81d2e377b20f" executionId="212a9bf1-a209-486f-9b5d-95c7998bf541" testListId="8c84fa94-04c1-424b-9868-57a2d4851a1d" />
    <TestEntry testId="193b3603-c45c-faa9-32dc-7f7d36f25256" executionId="e451288c-3f03-40f4-b4ac-2c971b05d225" testListId="8c84fa94-04c1-424b-9868-57a2d4851a1d" />
    <TestEntry testId="adc52407-8ac7-1328-4b22-c62484feb050" executionId="b6cff475-706e-43a8-bb46-6a393293ca6d" testListId="8c84fa94-04c1-424b-9868-57a2d4851a1d" />
    <TestEntry testId="a27f3b71-d60e-7b7a-9a3f-ecd47cea1dd8" executionId="7ee53544-631e-4ba8-ae05-8045a7b093da" testListId="8c84fa94-04c1-424b-9868-57a2d4851a1d" />
    <TestEntry testId="5698b135-ca9d-6d8c-653b-0d8ec01bb1b1" executionId="e29b97d7-6bb5-431c-ae25-75db6bd383ef" testListId="8c84fa94-04c1-424b-9868-57a2d4851a1d" />
    <TestEntry testId="3842c380-77aa-19c4-a47e-e50e0c0c8c90" executionId="04177a20-ec69-4b0e-bfe5-cdbee828c29a" testListId="8c84fa94-04c1-424b-9868-57a2d4851a1d" />
    <TestEntry testId="81382786-e4c6-79b6-5eae-9b5ec5115141" executionId="8120f015-fac1-40e7-b26f-985642c3691e" testListId="8c84fa94-04c1-424b-9868-57a2d4851a1d" />
    <TestEntry testId="523c96ad-9028-190f-36b3-8918ff2fd488" executionId="ffeac5b4-8f7e-4e5e-bd2d-20e4150533b6" testListId="8c84fa94-04c1-424b-9868-57a2d4851a1d" />
    <TestEntry testId="59ae39be-5ffd-6f6c-9fbf-99b279196faa" executionId="9ba1b9d1-37fa-4238-9e91-eff91ced36cb" testListId="8c84fa94-04c1-424b-9868-57a2d4851a1d" />
    <TestEntry testId="6a3c41a2-a310-242d-4f35-0f39c6f00ae2" executionId="c1667c19-fd29-4bc5-9190-eca8ffbb2704" testListId="8c84fa94-04c1-424b-9868-57a2d4851a1d" />
    <TestEntry testId="6584008f-55a6-5c8e-a8bf-37fbc35eec41" executionId="5d614d9b-f297-4cda-9d0b-d2229cf181a3" testListId="8c84fa94-04c1-424b-9868-57a2d4851a1d" />
    <TestEntry testId="4b842077-852a-f6f9-18ab-f546b9b58004" executionId="84fb87ca-4e25-42b5-9958-80d6523351e5" testListId="8c84fa94-04c1-424b-9868-57a2d4851a1d" />
    <TestEntry testId="32cf64de-b15f-da02-d61b-947188837515" executionId="d700c93e-dcac-4e21-80f6-77c7dfd91e6c" testListId="8c84fa94-04c1-424b-9868-57a2d4851a1d" />
    <TestEntry testId="adf2c54a-0b41-68aa-5bff-bf70f2d893d0" executionId="b0817869-03d6-4837-89d4-47e069a9d802" testListId="8c84fa94-04c1-424b-9868-57a2d4851a1d" />
    <TestEntry testId="cae223f4-cf89-7d03-8c99-a05b662816de" executionId="ed201bb9-09d1-4db7-b95e-96336425c78c" testListId="8c84fa94-04c1-424b-9868-57a2d4851a1d" />
    <TestEntry testId="4f5870c3-6317-10e4-062c-75f40f51322e" executionId="828936db-a331-48f3-839a-c59be0fd055c" testListId="8c84fa94-04c1-424b-9868-57a2d4851a1d" />
    <TestEntry testId="b06e9e5d-c1d3-c1c4-8bda-2ca74a783193" executionId="d65e9c17-7f8f-4635-a1be-9fc760079f10" testListId="8c84fa94-04c1-424b-9868-57a2d4851a1d" />
    <TestEntry testId="0cdd28e6-d1cb-679b-65d5-f5472dcc3b96" executionId="12202511-98ef-4b6e-8b50-83b59b2a3559" testListId="8c84fa94-04c1-424b-9868-57a2d4851a1d" />
    <TestEntry testId="be6e715f-a088-55f2-f9e1-365c03cc2491" executionId="54a229ec-a79d-4563-8c2a-ac97347abe64" testListId="8c84fa94-04c1-424b-9868-57a2d4851a1d" />
    <TestEntry testId="33f3e512-6dc6-ff65-6ad8-75502d1ba62a" executionId="222d00d4-057d-49a9-86b0-8c0caa3112b1" testListId="8c84fa94-04c1-424b-9868-57a2d4851a1d" />
    <TestEntry testId="ee4cf1d1-6a66-2fe4-e186-e592b7bce33b" executionId="301d67ef-142e-421a-95aa-97eb9b92bdad" testListId="8c84fa94-04c1-424b-9868-57a2d4851a1d" />
    <TestEntry testId="ad1bd56f-a067-a918-b5dc-24eb4dcaee73" executionId="3f97c61c-863d-4158-9f7e-3080c61ec2e6" testListId="8c84fa94-04c1-424b-9868-57a2d4851a1d" />
    <TestEntry testId="937becd6-b8f2-b56b-42ac-89e760c90d8e" executionId="d81d93ab-012b-4fee-bab2-7b1666543a77" testListId="8c84fa94-04c1-424b-9868-57a2d4851a1d" />
    <TestEntry testId="93530b3c-b9e6-a697-a8dd-13be35803b0b" executionId="9aa44711-e393-44ba-9e87-adea877696eb" testListId="8c84fa94-04c1-424b-9868-57a2d4851a1d" />
    <TestEntry testId="5333d00b-5108-d966-0dab-3118778fcd53" executionId="9a597cac-48fb-4f1d-a00d-7c72b165a55f" testListId="8c84fa94-04c1-424b-9868-57a2d4851a1d" />
    <TestEntry testId="207685cd-f094-8437-90ac-2773315b3cb2" executionId="42946009-cf55-4187-a421-3af568b052b4" testListId="8c84fa94-04c1-424b-9868-57a2d4851a1d" />
    <TestEntry testId="a4177c09-0144-8e72-88bd-003042bc096a" executionId="0d60e209-c21c-4d9d-a22f-435c9e4d92c8" testListId="8c84fa94-04c1-424b-9868-57a2d4851a1d" />
    <TestEntry testId="03a6f42d-965c-80ab-f093-025c20c8a8f4" executionId="94cdd7c4-13c4-4056-925a-4db4b0390980" testListId="8c84fa94-04c1-424b-9868-57a2d4851a1d" />
    <TestEntry testId="c6d6ce6b-8993-c41e-fb58-6df83f6bc71a" executionId="015c1b6e-72b1-49db-a2a5-67e283658f22" testListId="8c84fa94-04c1-424b-9868-57a2d4851a1d" />
    <TestEntry testId="e20795bd-a2dc-c5f1-cb31-39e3848d9ef2" executionId="4ea2f16e-f6c6-4d22-9490-b8e9b042f97c" testListId="8c84fa94-04c1-424b-9868-57a2d4851a1d" />
    <TestEntry testId="6d5349b6-e811-ff65-72fa-06183979f2ed" executionId="491b7521-6d83-4230-b47e-f1a5d6ca3c6c" testListId="8c84fa94-04c1-424b-9868-57a2d4851a1d" />
    <TestEntry testId="3a8e92a2-9f02-54d3-a8e3-bf8920b77475" executionId="cb8d9a67-baff-4491-a1fe-6ed70e51a4b3" testListId="8c84fa94-04c1-424b-9868-57a2d4851a1d" />
    <TestEntry testId="96d32801-9370-df91-cc39-17bd94d62864" executionId="8299255b-9c33-4b1e-8f0e-132af80aa239" testListId="8c84fa94-04c1-424b-9868-57a2d4851a1d" />
  </TestEntries>
  <TestLists>
    <TestList name="Results Not in a List" id="8c84fa94-04c1-424b-9868-57a2d4851a1d" />
    <TestList name="All Loaded Results" id="19431567-8539-422a-85d7-44ee4e166bda" />
  </TestLists>
  <ResultSummary outcome="Completed">
    <Counters total="86" executed="86" passed="86" failed="0" error="0" timeout="0" aborted="0" inconclusive="0" passedButRunAborted="0" notRunnable="0" notExecuted="0" disconnected="0" warning="0" completed="0" inProgress="0" pending="0" />
    <Output>
      <StdOut>[xUnit.net 00:00:00.00] xUnit.net VSTest Adapter v2.5.3.1+6b60a9e56a (64-bit .NET 8.0.13)&#xD;
[xUnit.net 00:00:00.05]   Discovering: KromicStore.Application.Tests&#xD;
[xUnit.net 00:00:00.11]   Discovered:  KromicStore.Application.Tests&#xD;
[xUnit.net 00:00:00.12]   Starting:    KromicStore.Application.Tests&#xD;
[xUnit.net 00:00:00.64]   Finished:    KromicStore.Application.Tests&#xD;
</StdOut>
    </Output>
  </ResultSummary>
</TestRun>